<?xml version="1.0" encoding="UTF-8"?>
<coverage generated="1501127843407" clover="3.2.0">
  <project timestamp="1501127843408" name="All files">
    <metrics statements="507" coveredstatements="263" conditionals="158" coveredconditionals="50" methods="188" coveredmethods="98" elements="853" coveredelements="411" complexity="0" loc="507" ncloc="507" packages="6" files="26" classes="26">
      <package name="app.actions">
        <metrics statements="48" coveredstatements="33" conditionals="16" coveredconditionals="10" methods="28" coveredmethods="19"/>
        <file name="index.js" path="/Users/alexpelan/Documents/dev/non-cureatr/huarte-new/huarte/app/actions/index.js">
          <metrics statements="48" coveredstatements="33" conditionals="16" coveredconditionals="10" methods="28" coveredmethods="19"/>
          <line num="6" count="1" type="stmt"/>
          <line num="13" count="5" type="stmt"/>
          <line num="14" count="5" type="stmt"/>
          <line num="23" count="6" type="stmt"/>
          <line num="30" count="1" type="stmt"/>
          <line num="36" count="9" type="stmt"/>
          <line num="37" count="45" type="stmt"/>
          <line num="38" count="45" type="stmt"/>
          <line num="39" count="45" type="stmt"/>
          <line num="41" count="9" type="stmt"/>
          <line num="42" count="9" type="stmt"/>
          <line num="50" count="1" type="stmt"/>
          <line num="56" count="7" type="stmt"/>
          <line num="57" count="847" type="stmt"/>
          <line num="58" count="847" type="stmt"/>
          <line num="60" count="7" type="stmt"/>
          <line num="61" count="7" type="stmt"/>
          <line num="70" count="0" type="stmt"/>
          <line num="79" count="0" type="stmt"/>
          <line num="87" count="0" type="cond" truecount="0" falsecount="2"/>
          <line num="88" count="0" type="stmt"/>
          <line num="89" count="0" type="cond" truecount="0" falsecount="2"/>
          <line num="90" count="0" type="stmt"/>
          <line num="91" count="0" type="cond" truecount="0" falsecount="2"/>
          <line num="92" count="0" type="stmt"/>
          <line num="95" count="0" type="stmt"/>
          <line num="102" count="0" type="stmt"/>
          <line num="109" count="0" type="stmt"/>
          <line num="116" count="0" type="stmt"/>
          <line num="122" count="3" type="stmt"/>
          <line num="131" count="2" type="cond" truecount="4" falsecount="0"/>
          <line num="132" count="1" type="stmt"/>
          <line num="135" count="1" type="stmt"/>
          <line num="136" count="1" type="stmt"/>
          <line num="138" count="1" type="stmt"/>
          <line num="140" count="0" type="stmt"/>
          <line num="147" count="2" type="cond" truecount="2" falsecount="0"/>
          <line num="148" count="1" type="stmt"/>
          <line num="151" count="1" type="stmt"/>
          <line num="152" count="1" type="stmt"/>
          <line num="154" count="1" type="stmt"/>
          <line num="156" count="0" type="stmt"/>
          <line num="163" count="2" type="cond" truecount="4" falsecount="0"/>
          <line num="164" count="1" type="stmt"/>
          <line num="167" count="1" type="stmt"/>
          <line num="169" count="1" type="stmt"/>
          <line num="172" count="1" type="stmt"/>
          <line num="174" count="0" type="stmt"/>
        </file>
      </package>
      <package name="app.components">
        <metrics statements="290" coveredstatements="135" conditionals="100" coveredconditionals="29" methods="110" coveredmethods="51"/>
        <file name="About.js" path="/Users/alexpelan/Documents/dev/non-cureatr/huarte-new/huarte/app/components/About.js">
          <metrics statements="3" coveredstatements="3" conditionals="0" coveredconditionals="0" methods="1" coveredmethods="1"/>
          <line num="11" count="2" type="stmt"/>
          <line num="13" count="1" type="stmt"/>
          <line num="14" count="1" type="stmt"/>
        </file>
        <file name="Banner.js" path="/Users/alexpelan/Documents/dev/non-cureatr/huarte-new/huarte/app/components/Banner.js">
          <metrics statements="4" coveredstatements="2" conditionals="0" coveredconditionals="0" methods="3" coveredmethods="1"/>
          <line num="13" count="1" type="stmt"/>
          <line num="15" count="0" type="stmt"/>
          <line num="19" count="1" type="stmt"/>
          <line num="23" count="0" type="stmt"/>
        </file>
        <file name="CategoryList.js" path="/Users/alexpelan/Documents/dev/non-cureatr/huarte-new/huarte/app/components/CategoryList.js">
          <metrics statements="33" coveredstatements="25" conditionals="8" coveredconditionals="5" methods="15" coveredmethods="10"/>
          <line num="19" count="4" type="stmt"/>
          <line num="21" count="2" type="stmt"/>
          <line num="22" count="0" type="stmt"/>
          <line num="24" count="2" type="stmt"/>
          <line num="30" count="2" type="stmt"/>
          <line num="31" count="2" type="stmt"/>
          <line num="32" count="2" type="cond" truecount="2" falsecount="0"/>
          <line num="33" count="1" type="stmt"/>
          <line num="35" count="0" type="stmt"/>
          <line num="41" count="2" type="stmt"/>
          <line num="45" count="0" type="stmt"/>
          <line num="49" count="5" type="stmt"/>
          <line num="53" count="0" type="stmt"/>
          <line num="54" count="0" type="cond" truecount="0" falsecount="2"/>
          <line num="55" count="0" type="stmt"/>
          <line num="66" count="0" type="stmt"/>
          <line num="80" count="3" type="stmt"/>
          <line num="81" count="3" type="cond" truecount="2" falsecount="0"/>
          <line num="82" count="1" type="stmt"/>
          <line num="86" count="2" type="stmt"/>
          <line num="87" count="2" type="stmt"/>
          <line num="88" count="2" type="stmt"/>
          <line num="91" count="12" type="stmt"/>
          <line num="92" count="2" type="stmt"/>
          <line num="99" count="12" type="stmt"/>
          <line num="101" count="0" type="stmt"/>
          <line num="108" count="2" type="stmt"/>
          <line num="109" count="2" type="stmt"/>
          <line num="110" count="2" type="stmt"/>
          <line num="111" count="2" type="stmt"/>
          <line num="115" count="2" type="stmt"/>
          <line num="116" count="2" type="stmt"/>
          <line num="117" count="2" type="stmt"/>
        </file>
        <file name="DailyDoubleBid.js" path="/Users/alexpelan/Documents/dev/non-cureatr/huarte-new/huarte/app/components/DailyDoubleBid.js">
          <metrics statements="35" coveredstatements="13" conditionals="10" coveredconditionals="2" methods="9" coveredmethods="3"/>
          <line num="21" count="6" type="stmt"/>
          <line num="23" count="1" type="stmt"/>
          <line num="29" count="1" type="stmt"/>
          <line num="30" count="1" type="stmt"/>
          <line num="31" count="1" type="stmt"/>
          <line num="34" count="1" type="cond" truecount="1" falsecount="1"/>
          <line num="35" count="0" type="stmt"/>
          <line num="37" count="1" type="stmt"/>
          <line num="40" count="1" type="stmt"/>
          <line num="44" count="0" type="stmt"/>
          <line num="45" count="0" type="stmt"/>
          <line num="46" count="0" type="stmt"/>
          <line num="47" count="0" type="stmt"/>
          <line num="50" count="0" type="stmt"/>
          <line num="51" count="0" type="stmt"/>
          <line num="52" count="0" type="cond" truecount="0" falsecount="4"/>
          <line num="53" count="0" type="cond" truecount="0" falsecount="2"/>
          <line num="54" count="0" type="stmt"/>
          <line num="55" count="0" type="stmt"/>
          <line num="57" count="0" type="stmt"/>
          <line num="59" count="0" type="stmt"/>
          <line num="60" count="0" type="stmt"/>
          <line num="63" count="0" type="stmt"/>
          <line num="64" count="0" type="stmt"/>
          <line num="65" count="0" type="stmt"/>
          <line num="80" count="0" type="stmt"/>
          <line num="85" count="1" type="stmt"/>
          <line num="86" count="1" type="stmt"/>
          <line num="88" count="1" type="cond" truecount="1" falsecount="1"/>
          <line num="89" count="1" type="stmt"/>
          <line num="92" count="1" type="stmt"/>
          <line num="93" count="0" type="stmt"/>
          <line num="101" count="0" type="stmt"/>
          <line num="102" count="0" type="stmt"/>
          <line num="107" count="0" type="stmt"/>
        </file>
        <file name="DollarAmountList.js" path="/Users/alexpelan/Documents/dev/non-cureatr/huarte-new/huarte/app/components/DollarAmountList.js">
          <metrics statements="16" coveredstatements="7" conditionals="6" coveredconditionals="1" methods="7" coveredmethods="4"/>
          <line num="19" count="5" type="stmt"/>
          <line num="21" count="1" type="stmt"/>
          <line num="22" count="0" type="stmt"/>
          <line num="24" count="1" type="stmt"/>
          <line num="30" count="0" type="stmt"/>
          <line num="31" count="0" type="stmt"/>
          <line num="32" count="0" type="stmt"/>
          <line num="33" count="0" type="cond" truecount="0" falsecount="2"/>
          <line num="34" count="0" type="stmt"/>
          <line num="47" count="0" type="stmt"/>
          <line num="65" count="1" type="stmt"/>
          <line num="66" count="1" type="stmt"/>
          <line num="69" count="4" type="stmt"/>
          <line num="76" count="4" type="stmt"/>
          <line num="79" count="0" type="cond" truecount="0" falsecount="2"/>
          <line num="80" count="0" type="stmt"/>
        </file>
        <file name="FinalJeopardyBid.js" path="/Users/alexpelan/Documents/dev/non-cureatr/huarte-new/huarte/app/components/FinalJeopardyBid.js">
          <metrics statements="30" coveredstatements="7" conditionals="10" coveredconditionals="1" methods="8" coveredmethods="2"/>
          <line num="24" count="1" type="stmt"/>
          <line num="26" count="1" type="stmt"/>
          <line num="32" count="0" type="stmt"/>
          <line num="33" count="0" type="stmt"/>
          <line num="34" count="0" type="stmt"/>
          <line num="38" count="0" type="cond" truecount="0" falsecount="2"/>
          <line num="39" count="0" type="stmt"/>
          <line num="41" count="0" type="stmt"/>
          <line num="42" count="0" type="cond" truecount="0" falsecount="4"/>
          <line num="43" count="0" type="cond" truecount="0" falsecount="2"/>
          <line num="44" count="0" type="stmt"/>
          <line num="45" count="0" type="stmt"/>
          <line num="47" count="0" type="stmt"/>
          <line num="49" count="0" type="stmt"/>
          <line num="50" count="0" type="stmt"/>
          <line num="53" count="0" type="stmt"/>
          <line num="56" count="0" type="stmt"/>
          <line num="57" count="0" type="stmt"/>
          <line num="58" count="0" type="stmt"/>
          <line num="59" count="0" type="stmt"/>
          <line num="74" count="0" type="stmt"/>
          <line num="79" count="1" type="stmt"/>
          <line num="80" count="1" type="stmt"/>
          <line num="82" count="1" type="cond" truecount="1" falsecount="1"/>
          <line num="83" count="1" type="stmt"/>
          <line num="86" count="1" type="stmt"/>
          <line num="87" count="0" type="stmt"/>
          <line num="95" count="0" type="stmt"/>
          <line num="96" count="0" type="stmt"/>
          <line num="101" count="0" type="stmt"/>
        </file>
        <file name="GameList.js" path="/Users/alexpelan/Documents/dev/non-cureatr/huarte-new/huarte/app/components/GameList.js">
          <metrics statements="22" coveredstatements="16" conditionals="4" coveredconditionals="4" methods="11" coveredmethods="7"/>
          <line num="21" count="3" type="stmt"/>
          <line num="23" count="2" type="stmt"/>
          <line num="24" count="0" type="stmt"/>
          <line num="26" count="2" type="stmt"/>
          <line num="32" count="2" type="stmt"/>
          <line num="33" count="2" type="stmt"/>
          <line num="34" count="2" type="cond" truecount="2" falsecount="0"/>
          <line num="35" count="1" type="stmt"/>
          <line num="36" count="1" type="stmt"/>
          <line num="41" count="2" type="stmt"/>
          <line num="45" count="0" type="stmt"/>
          <line num="49" count="5" type="stmt"/>
          <line num="53" count="0" type="stmt"/>
          <line num="54" count="0" type="stmt"/>
          <line num="55" count="0" type="stmt"/>
          <line num="66" count="3" type="stmt"/>
          <line num="67" count="3" type="cond" truecount="2" falsecount="0"/>
          <line num="68" count="1" type="stmt"/>
          <line num="72" count="2" type="stmt"/>
          <line num="75" count="121" type="stmt"/>
          <line num="82" count="121" type="stmt"/>
          <line num="84" count="0" type="stmt"/>
        </file>
        <file name="HuarteMainMenu.js" path="/Users/alexpelan/Documents/dev/non-cureatr/huarte-new/huarte/app/components/HuarteMainMenu.js">
          <metrics statements="12" coveredstatements="8" conditionals="0" coveredconditionals="0" methods="7" coveredmethods="4"/>
          <line num="14" count="1" type="stmt"/>
          <line num="29" count="1" type="stmt"/>
          <line num="31" count="1" type="stmt"/>
          <line num="32" count="0" type="stmt"/>
          <line num="34" count="1" type="stmt"/>
          <line num="41" count="1" type="stmt"/>
          <line num="42" count="1" type="stmt"/>
          <line num="45" count="3" type="stmt"/>
          <line num="53" count="3" type="stmt"/>
          <line num="55" count="0" type="stmt"/>
          <line num="62" count="0" type="stmt"/>
          <line num="63" count="0" type="stmt"/>
        </file>
        <file name="Link.js" path="/Users/alexpelan/Documents/dev/non-cureatr/huarte-new/huarte/app/components/Link.js">
          <metrics statements="3" coveredstatements="2" conditionals="0" coveredconditionals="0" methods="2" coveredmethods="1"/>
          <line num="10" count="3" type="stmt"/>
          <line num="12" count="5" type="stmt"/>
          <line num="13" count="0" type="stmt"/>
        </file>
        <file name="MediaLink.js" path="/Users/alexpelan/Documents/dev/non-cureatr/huarte-new/huarte/app/components/MediaLink.js">
          <metrics statements="8" coveredstatements="6" conditionals="4" coveredconditionals="3" methods="4" coveredmethods="2"/>
          <line num="11" count="9" type="stmt"/>
          <line num="14" count="2" type="cond" truecount="2" falsecount="0"/>
          <line num="15" count="1" type="stmt"/>
          <line num="16" count="1" type="cond" truecount="1" falsecount="1"/>
          <line num="17" count="1" type="stmt"/>
          <line num="22" count="0" type="stmt"/>
          <line num="32" count="2" type="stmt"/>
          <line num="33" count="0" type="stmt"/>
        </file>
        <file name="MediaWebView.js" path="/Users/alexpelan/Documents/dev/non-cureatr/huarte-new/huarte/app/components/MediaWebView.js">
          <metrics statements="3" coveredstatements="1" conditionals="0" coveredconditionals="0" methods="2" coveredmethods="0"/>
          <line num="10" count="9" type="stmt"/>
          <line num="13" count="0" type="stmt"/>
          <line num="23" count="0" type="stmt"/>
        </file>
        <file name="Question.js" path="/Users/alexpelan/Documents/dev/non-cureatr/huarte-new/huarte/app/components/Question.js">
          <metrics statements="79" coveredstatements="11" conditionals="46" coveredconditionals="5" methods="23" coveredmethods="2"/>
          <line num="26" count="8" type="stmt"/>
          <line num="27" count="8" type="stmt"/>
          <line num="29" count="8" type="stmt"/>
          <line num="31" count="1" type="stmt"/>
          <line num="37" count="0" type="stmt"/>
          <line num="38" count="0" type="cond" truecount="0" falsecount="2"/>
          <line num="39" count="0" type="stmt"/>
          <line num="41" count="0" type="stmt"/>
          <line num="46" count="0" type="stmt"/>
          <line num="48" count="0" type="stmt"/>
          <line num="49" count="0" type="stmt"/>
          <line num="50" count="0" type="cond" truecount="0" falsecount="2"/>
          <line num="51" count="0" type="stmt"/>
          <line num="57" count="0" type="cond" truecount="0" falsecount="2"/>
          <line num="58" count="0" type="stmt"/>
          <line num="64" count="0" type="stmt"/>
          <line num="65" count="0" type="stmt"/>
          <line num="66" count="0" type="stmt"/>
          <line num="67" count="0" type="cond" truecount="0" falsecount="2"/>
          <line num="68" count="0" type="stmt"/>
          <line num="70" count="0" type="stmt"/>
          <line num="72" count="0" type="stmt"/>
          <line num="73" count="0" type="cond" truecount="0" falsecount="2"/>
          <line num="74" count="0" type="stmt"/>
          <line num="80" count="0" type="stmt"/>
          <line num="81" count="0" type="stmt"/>
          <line num="82" count="0" type="stmt"/>
          <line num="83" count="0" type="stmt"/>
          <line num="88" count="0" type="cond" truecount="0" falsecount="2"/>
          <line num="89" count="0" type="stmt"/>
          <line num="91" count="0" type="stmt"/>
          <line num="97" count="0" type="stmt"/>
          <line num="98" count="0" type="stmt"/>
          <line num="103" count="0" type="cond" truecount="0" falsecount="2"/>
          <line num="104" count="0" type="stmt"/>
          <line num="107" count="0" type="stmt"/>
          <line num="112" count="0" type="stmt"/>
          <line num="113" count="0" type="stmt"/>
          <line num="115" count="0" type="stmt"/>
          <line num="116" count="0" type="stmt"/>
          <line num="117" count="0" type="cond" truecount="0" falsecount="2"/>
          <line num="118" count="0" type="stmt"/>
          <line num="121" count="0" type="stmt"/>
          <line num="122" count="0" type="cond" truecount="0" falsecount="4"/>
          <line num="124" count="0" type="stmt"/>
          <line num="125" count="0" type="cond" truecount="0" falsecount="2"/>
          <line num="126" count="0" type="stmt"/>
          <line num="127" count="0" type="stmt"/>
          <line num="134" count="0" type="stmt"/>
          <line num="137" count="0" type="stmt"/>
          <line num="138" count="0" type="cond" truecount="0" falsecount="4"/>
          <line num="139" count="0" type="stmt"/>
          <line num="140" count="0" type="stmt"/>
          <line num="143" count="0" type="stmt"/>
          <line num="148" count="0" type="stmt"/>
          <line num="157" count="1" type="stmt"/>
          <line num="158" count="1" type="cond" truecount="1" falsecount="1"/>
          <line num="159" count="0" type="stmt"/>
          <line num="160" count="0" type="cond" truecount="0" falsecount="4"/>
          <line num="161" count="0" type="stmt"/>
          <line num="162" count="0" type="cond" truecount="0" falsecount="4"/>
          <line num="163" count="0" type="stmt"/>
          <line num="165" count="0" type="stmt"/>
          <line num="167" count="0" type="cond" truecount="0" falsecount="2"/>
          <line num="168" count="0" type="stmt"/>
          <line num="170" count="0" type="stmt"/>
          <line num="173" count="0" type="stmt"/>
          <line num="175" count="1" type="cond" truecount="1" falsecount="1"/>
          <line num="176" count="0" type="stmt"/>
          <line num="179" count="1" type="cond" truecount="2" falsecount="2"/>
          <line num="180" count="0" type="stmt"/>
          <line num="183" count="1" type="cond" truecount="1" falsecount="1"/>
          <line num="184" count="1" type="stmt"/>
          <line num="187" count="1" type="stmt"/>
          <line num="188" count="0" type="stmt"/>
          <line num="197" count="0" type="stmt"/>
          <line num="209" count="0" type="stmt"/>
          <line num="210" count="0" type="stmt"/>
          <line num="216" count="0" type="stmt"/>
        </file>
        <file name="SeasonList.js" path="/Users/alexpelan/Documents/dev/non-cureatr/huarte-new/huarte/app/components/SeasonList.js">
          <metrics statements="20" coveredstatements="15" conditionals="4" coveredconditionals="4" methods="10" coveredmethods="6"/>
          <line num="18" count="2" type="stmt"/>
          <line num="20" count="2" type="stmt"/>
          <line num="21" count="0" type="stmt"/>
          <line num="23" count="2" type="stmt"/>
          <line num="29" count="2" type="stmt"/>
          <line num="30" count="2" type="stmt"/>
          <line num="31" count="2" type="stmt"/>
          <line num="32" count="2" type="cond" truecount="2" falsecount="0"/>
          <line num="33" count="1" type="stmt"/>
          <line num="38" count="2" type="stmt"/>
          <line num="42" count="0" type="stmt"/>
          <line num="46" count="0" type="stmt"/>
          <line num="47" count="0" type="stmt"/>
          <line num="58" count="3" type="stmt"/>
          <line num="59" count="3" type="cond" truecount="2" falsecount="0"/>
          <line num="60" count="1" type="stmt"/>
          <line num="64" count="2" type="stmt"/>
          <line num="67" count="5" type="stmt"/>
          <line num="74" count="5" type="stmt"/>
          <line num="76" count="0" type="stmt"/>
        </file>
        <file name="SimpleMessage.js" path="/Users/alexpelan/Documents/dev/non-cureatr/huarte-new/huarte/app/components/SimpleMessage.js">
          <metrics statements="3" coveredstatements="3" conditionals="0" coveredconditionals="0" methods="2" coveredmethods="2"/>
          <line num="10" count="11" type="stmt"/>
          <line num="12" count="11" type="stmt"/>
          <line num="18" count="5" type="stmt"/>
        </file>
        <file name="Statistics.js" path="/Users/alexpelan/Documents/dev/non-cureatr/huarte-new/huarte/app/components/Statistics.js">
          <metrics statements="19" coveredstatements="16" conditionals="8" coveredconditionals="4" methods="6" coveredmethods="6"/>
          <line num="15" count="2" type="stmt"/>
          <line num="42" count="2" type="stmt"/>
          <line num="44" count="1" type="stmt"/>
          <line num="51" count="1" type="stmt"/>
          <line num="52" count="1" type="stmt"/>
          <line num="53" count="1" type="stmt"/>
          <line num="54" count="7" type="cond" truecount="1" falsecount="1"/>
          <line num="55" count="7" type="stmt"/>
          <line num="58" count="7" type="cond" truecount="1" falsecount="1"/>
          <line num="59" count="0" type="stmt"/>
          <line num="60" count="0" type="cond" truecount="0" falsecount="2"/>
          <line num="61" count="0" type="stmt"/>
          <line num="66" count="1" type="stmt"/>
          <line num="67" count="1" type="stmt"/>
          <line num="75" count="2" type="stmt"/>
          <line num="76" count="2" type="cond" truecount="2" falsecount="0"/>
          <line num="77" count="1" type="stmt"/>
          <line num="82" count="1" type="stmt"/>
          <line num="86" count="7" type="stmt"/>
        </file>
      </package>
      <package name="app.reducers">
        <metrics statements="72" coveredstatements="37" conditionals="23" coveredconditionals="9" methods="4" coveredmethods="3"/>
        <file name="huarteApp.js" path="/Users/alexpelan/Documents/dev/non-cureatr/huarte-new/huarte/app/reducers/huarteApp.js">
          <metrics statements="72" coveredstatements="37" conditionals="23" coveredconditionals="9" methods="4" coveredmethods="3"/>
          <line num="3" count="7" type="stmt"/>
          <line num="17" count="43" type="cond" truecount="8" falsecount="6"/>
          <line num="19" count="1" type="stmt"/>
          <line num="20" count="1" type="stmt"/>
          <line num="22" count="5" type="stmt"/>
          <line num="23" count="5" type="stmt"/>
          <line num="24" count="5" type="stmt"/>
          <line num="25" count="5" type="stmt"/>
          <line num="26" count="5" type="stmt"/>
          <line num="27" count="5" type="stmt"/>
          <line num="28" count="5" type="stmt"/>
          <line num="29" count="5" type="stmt"/>
          <line num="30" count="5" type="stmt"/>
          <line num="31" count="5" type="stmt"/>
          <line num="32" count="5" type="stmt"/>
          <line num="34" count="6" type="stmt"/>
          <line num="35" count="6" type="stmt"/>
          <line num="36" count="6" type="stmt"/>
          <line num="38" count="1" type="stmt"/>
          <line num="39" count="1" type="stmt"/>
          <line num="41" count="9" type="stmt"/>
          <line num="42" count="9" type="stmt"/>
          <line num="43" count="9" type="stmt"/>
          <line num="44" count="9" type="stmt"/>
          <line num="45" count="9" type="stmt"/>
          <line num="47" count="1" type="stmt"/>
          <line num="48" count="1" type="stmt"/>
          <line num="50" count="7" type="stmt"/>
          <line num="51" count="7" type="stmt"/>
          <line num="52" count="35" type="stmt"/>
          <line num="54" count="7" type="stmt"/>
          <line num="55" count="847" type="stmt"/>
          <line num="56" count="847" type="stmt"/>
          <line num="58" count="7" type="stmt"/>
          <line num="59" count="7" type="stmt"/>
          <line num="60" count="7" type="stmt"/>
          <line num="62" count="0" type="stmt"/>
          <line num="63" count="0" type="stmt"/>
          <line num="65" count="0" type="stmt"/>
          <line num="66" count="0" type="stmt"/>
          <line num="67" count="0" type="stmt"/>
          <line num="68" count="0" type="cond" truecount="0" falsecount="2"/>
          <line num="69" count="0" type="stmt"/>
          <line num="73" count="0" type="cond" truecount="0" falsecount="2"/>
          <line num="74" count="0" type="stmt"/>
          <line num="77" count="0" type="stmt"/>
          <line num="79" count="0" type="stmt"/>
          <line num="80" count="0" type="stmt"/>
          <line num="81" count="0" type="cond" truecount="0" falsecount="2"/>
          <line num="82" count="0" type="stmt"/>
          <line num="85" count="0" type="stmt"/>
          <line num="87" count="0" type="stmt"/>
          <line num="88" count="0" type="stmt"/>
          <line num="90" count="0" type="cond" truecount="0" falsecount="2"/>
          <line num="91" count="0" type="stmt"/>
          <line num="93" count="0" type="stmt"/>
          <line num="95" count="0" type="stmt"/>
          <line num="97" count="0" type="stmt"/>
          <line num="98" count="0" type="stmt"/>
          <line num="99" count="0" type="stmt"/>
          <line num="101" count="0" type="stmt"/>
          <line num="102" count="0" type="stmt"/>
          <line num="103" count="0" type="stmt"/>
          <line num="105" count="0" type="stmt"/>
          <line num="106" count="0" type="stmt"/>
          <line num="107" count="0" type="stmt"/>
          <line num="108" count="0" type="stmt"/>
          <line num="110" count="0" type="stmt"/>
          <line num="111" count="0" type="stmt"/>
          <line num="112" count="0" type="stmt"/>
          <line num="113" count="0" type="stmt"/>
          <line num="115" count="13" type="stmt"/>
        </file>
      </package>
      <package name="app.styles">
        <metrics statements="2" coveredstatements="2" conditionals="0" coveredconditionals="0" methods="0" coveredmethods="0"/>
        <file name="styles.js" path="/Users/alexpelan/Documents/dev/non-cureatr/huarte-new/huarte/app/styles/styles.js">
          <metrics statements="2" coveredstatements="2" conditionals="0" coveredconditionals="0" methods="0" coveredmethods="0"/>
          <line num="3" count="14" type="stmt"/>
          <line num="8" count="14" type="stmt"/>
        </file>
      </package>
      <package name="app.util">
        <metrics statements="64" coveredstatements="33" conditionals="8" coveredconditionals="1" methods="24" coveredmethods="13"/>
        <file name="Api.js" path="/Users/alexpelan/Documents/dev/non-cureatr/huarte-new/huarte/app/util/Api.js">
          <metrics statements="18" coveredstatements="3" conditionals="2" coveredconditionals="0" methods="7" coveredmethods="0"/>
          <line num="7" count="9" type="stmt"/>
          <line num="9" count="9" type="stmt"/>
          <line num="11" count="0" type="stmt"/>
          <line num="12" count="0" type="stmt"/>
          <line num="13" count="0" type="stmt"/>
          <line num="14" count="0" type="stmt"/>
          <line num="16" count="0" type="cond" truecount="0" falsecount="2"/>
          <line num="17" count="0" type="stmt"/>
          <line num="19" count="0" type="stmt"/>
          <line num="23" count="0" type="stmt"/>
          <line num="24" count="0" type="stmt"/>
          <line num="29" count="0" type="stmt"/>
          <line num="30" count="0" type="stmt"/>
          <line num="31" count="0" type="stmt"/>
          <line num="35" count="9" type="stmt"/>
          <line num="37" count="0" type="stmt"/>
          <line num="41" count="0" type="stmt"/>
          <line num="45" count="0" type="stmt"/>
        </file>
        <file name="Common.js" path="/Users/alexpelan/Documents/dev/non-cureatr/huarte-new/huarte/app/util/Common.js">
          <metrics statements="18" coveredstatements="3" conditionals="4" coveredconditionals="0" methods="5" coveredmethods="1"/>
          <line num="5" count="9" type="stmt"/>
          <line num="7" count="0" type="stmt"/>
          <line num="8" count="0" type="cond" truecount="0" falsecount="2"/>
          <line num="9" count="0" type="stmt"/>
          <line num="11" count="0" type="stmt"/>
          <line num="16" count="0" type="stmt"/>
          <line num="17" count="0" type="stmt"/>
          <line num="18" count="0" type="stmt"/>
          <line num="19" count="0" type="stmt"/>
          <line num="23" count="1" type="stmt"/>
          <line num="24" count="1" type="stmt"/>
          <line num="30" count="0" type="stmt"/>
          <line num="32" count="0" type="cond" truecount="0" falsecount="2"/>
          <line num="33" count="0" type="stmt"/>
          <line num="35" count="0" type="stmt"/>
          <line num="38" count="0" type="stmt"/>
          <line num="39" count="0" type="stmt"/>
          <line num="41" count="0" type="stmt"/>
        </file>
        <file name="Consts.js" path="/Users/alexpelan/Documents/dev/non-cureatr/huarte-new/huarte/app/util/Consts.js">
          <metrics statements="2" coveredstatements="2" conditionals="0" coveredconditionals="0" methods="0" coveredmethods="0"/>
          <line num="1" count="9" type="stmt"/>
          <line num="3" count="9" type="stmt"/>
        </file>
        <file name="StateHelper.js" path="/Users/alexpelan/Documents/dev/non-cureatr/huarte-new/huarte/app/util/StateHelper.js">
          <metrics statements="26" coveredstatements="25" conditionals="2" coveredconditionals="1" methods="12" coveredmethods="12"/>
          <line num="1" count="9" type="stmt"/>
          <line num="4" count="7" type="stmt"/>
          <line num="5" count="35" type="stmt"/>
          <line num="7" count="7" type="stmt"/>
          <line num="11" count="1" type="stmt"/>
          <line num="12" count="1" type="stmt"/>
          <line num="13" count="121" type="stmt"/>
          <line num="15" count="1" type="stmt"/>
          <line num="19" count="2" type="stmt"/>
          <line num="20" count="2" type="stmt"/>
          <line num="21" count="126" type="stmt"/>
          <line num="22" count="126" type="stmt"/>
          <line num="23" count="126" type="stmt"/>
          <line num="25" count="2" type="stmt"/>
          <line num="26" count="782" type="stmt"/>
          <line num="31" count="14" type="stmt"/>
          <line num="32" count="14" type="cond" truecount="1" falsecount="1"/>
          <line num="33" count="14" type="stmt"/>
          <line num="34" count="14" type="stmt"/>
          <line num="36" count="0" type="stmt"/>
          <line num="41" count="3" type="stmt"/>
          <line num="42" count="3" type="stmt"/>
          <line num="46" count="5" type="stmt"/>
          <line num="50" count="4" type="stmt"/>
          <line num="54" count="1" type="stmt"/>
          <line num="55" count="1" type="stmt"/>
        </file>
      </package>
      <package name="testHelpers">
        <metrics statements="31" coveredstatements="23" conditionals="11" coveredconditionals="1" methods="22" coveredmethods="12"/>
        <file name="Factory.js" path="/Users/alexpelan/Documents/dev/non-cureatr/huarte-new/huarte/testHelpers/Factory.js">
          <metrics statements="4" coveredstatements="4" conditionals="0" coveredconditionals="0" methods="4" coveredmethods="4"/>
          <line num="8" count="10" type="stmt"/>
          <line num="12" count="6" type="stmt"/>
          <line num="553" count="7" type="stmt"/>
          <line num="924" count="9" type="stmt"/>
        </file>
        <file name="MockStorage.js" path="/Users/alexpelan/Documents/dev/non-cureatr/huarte-new/huarte/testHelpers/MockStorage.js">
          <metrics statements="12" coveredstatements="4" conditionals="11" coveredconditionals="1" methods="15" coveredmethods="5"/>
          <line num="4" count="1" type="stmt"/>
          <line num="8" count="0" type="stmt"/>
          <line num="9" count="0" type="cond" truecount="0" falsecount="4"/>
          <line num="16" count="0" type="stmt"/>
          <line num="17" count="0" type="cond" truecount="0" falsecount="2"/>
          <line num="24" count="7" type="stmt"/>
          <line num="25" count="7" type="cond" truecount="1" falsecount="1"/>
          <line num="32" count="0" type="stmt"/>
          <line num="33" count="0" type="cond" truecount="0" falsecount="2"/>
          <line num="40" count="0" type="stmt"/>
          <line num="44" count="0" type="stmt"/>
          <line num="48" count="7" type="stmt"/>
        </file>
        <file name="Recipes.js" path="/Users/alexpelan/Documents/dev/non-cureatr/huarte-new/huarte/testHelpers/Recipes.js">
          <metrics statements="8" coveredstatements="8" conditionals="0" coveredconditionals="0" methods="1" coveredmethods="1"/>
          <line num="7" count="5" type="stmt"/>
          <line num="8" count="5" type="stmt"/>
          <line num="9" count="5" type="stmt"/>
          <line num="10" count="5" type="stmt"/>
          <line num="11" count="5" type="stmt"/>
          <line num="12" count="5" type="stmt"/>
          <line num="13" count="5" type="stmt"/>
          <line num="14" count="5" type="stmt"/>
        </file>
        <file name="jestSetup.js" path="/Users/alexpelan/Documents/dev/non-cureatr/huarte-new/huarte/testHelpers/jestSetup.js">
          <metrics statements="7" coveredstatements="7" conditionals="0" coveredconditionals="0" methods="2" coveredmethods="2"/>
          <line num="2" count="14" type="stmt"/>
          <line num="3" count="3" type="stmt"/>
          <line num="4" count="3" type="stmt"/>
          <line num="7" count="3" type="stmt"/>
          <line num="8" count="3" type="stmt"/>
          <line num="11" count="3" type="stmt"/>
          <line num="12" count="3" type="stmt"/>
        </file>
      </package>
    </metrics>
  </project>
</coverage>
