{"/Users/alexpelan/Documents/dev/non-cureatr/huarte-new/huarte/app/actions/index.js": {"path":"/Users/alexpelan/Documents/dev/non-cureatr/huarte-new/huarte/app/actions/index.js","statementMap":{"0":{"start":{"line":6,"column":2},"end":{"line":9,"column":4}},"1":{"start":{"line":13,"column":21},"end":{"line":13,"column":31}},"2":{"start":{"line":14,"column":2},"end":{"line":19,"column":4}},"3":{"start":{"line":23,"column":2},"end":{"line":26,"column":4}},"4":{"start":{"line":30,"column":2},"end":{"line":32,"column":4}},"5":{"start":{"line":36,"column":2},"end":{"line":40,"column":5}},"6":{"start":{"line":37,"column":17},"end":{"line":37,"column":39}},"7":{"start":{"line":38,"column":4},"end":{"line":38,"column":31}},"8":{"start":{"line":39,"column":4},"end":{"line":39,"column":22}},"9":{"start":{"line":41,"column":21},"end":{"line":41,"column":31}},"10":{"start":{"line":42,"column":2},"end":{"line":46,"column":4}},"11":{"start":{"line":50,"column":2},"end":{"line":52,"column":4}},"12":{"start":{"line":56,"column":2},"end":{"line":59,"column":5}},"13":{"start":{"line":57,"column":15},"end":{"line":57,"column":33}},"14":{"start":{"line":58,"column":4},"end":{"line":58,"column":24}},"15":{"start":{"line":60,"column":21},"end":{"line":60,"column":31}},"16":{"start":{"line":61,"column":2},"end":{"line":66,"column":4}},"17":{"start":{"line":70,"column":2},"end":{"line":75,"column":4}},"18":{"start":{"line":79,"column":2},"end":{"line":82,"column":4}},"19":{"start":{"line":87,"column":2},"end":{"line":93,"column":3}},"20":{"start":{"line":88,"column":4},"end":{"line":88,"column":34}},"21":{"start":{"line":89,"column":9},"end":{"line":93,"column":3}},"22":{"start":{"line":90,"column":4},"end":{"line":90,"column":33}},"23":{"start":{"line":91,"column":9},"end":{"line":93,"column":3}},"24":{"start":{"line":92,"column":4},"end":{"line":92,"column":66}},"25":{"start":{"line":95,"column":2},"end":{"line":98,"column":4}},"26":{"start":{"line":102,"column":2},"end":{"line":105,"column":4}},"27":{"start":{"line":109,"column":2},"end":{"line":112,"column":4}},"28":{"start":{"line":116,"column":2},"end":{"line":118,"column":4}},"29":{"start":{"line":122,"column":2},"end":{"line":124,"column":4}},"30":{"start":{"line":131,"column":2},"end":{"line":133,"column":3}},"31":{"start":{"line":132,"column":4},"end":{"line":132,"column":18}},"32":{"start":{"line":135,"column":2},"end":{"line":143,"column":4}},"33":{"start":{"line":136,"column":4},"end":{"line":136,"column":32}},"34":{"start":{"line":138,"column":4},"end":{"line":142,"column":23}},"35":{"start":{"line":140,"column":8},"end":{"line":140,"column":50}},"36":{"start":{"line":147,"column":2},"end":{"line":149,"column":3}},"37":{"start":{"line":148,"column":4},"end":{"line":148,"column":18}},"38":{"start":{"line":151,"column":2},"end":{"line":159,"column":4}},"39":{"start":{"line":152,"column":4},"end":{"line":152,"column":31}},"40":{"start":{"line":154,"column":4},"end":{"line":158,"column":23}},"41":{"start":{"line":156,"column":8},"end":{"line":156,"column":39}},"42":{"start":{"line":163,"column":2},"end":{"line":165,"column":3}},"43":{"start":{"line":164,"column":4},"end":{"line":164,"column":18}},"44":{"start":{"line":167,"column":2},"end":{"line":178,"column":4}},"45":{"start":{"line":169,"column":4},"end":{"line":169,"column":34}},"46":{"start":{"line":172,"column":4},"end":{"line":176,"column":23}},"47":{"start":{"line":174,"column":8},"end":{"line":174,"column":44}}},"fnMap":{"0":{"name":"requestGame","decl":{"start":{"line":5,"column":9},"end":{"line":5,"column":20}},"loc":{"start":{"line":5,"column":29},"end":{"line":10,"column":1}},"line":5},"1":{"name":"receiveGame","decl":{"start":{"line":12,"column":9},"end":{"line":12,"column":20}},"loc":{"start":{"line":12,"column":35},"end":{"line":20,"column":1}},"line":12},"2":{"name":"selectGame","decl":{"start":{"line":22,"column":9},"end":{"line":22,"column":19}},"loc":{"start":{"line":22,"column":26},"end":{"line":27,"column":1}},"line":22},"3":{"name":"requestSeasons","decl":{"start":{"line":29,"column":9},"end":{"line":29,"column":23}},"loc":{"start":{"line":29,"column":26},"end":{"line":33,"column":1}},"line":29},"4":{"name":"receiveSeasons","decl":{"start":{"line":35,"column":9},"end":{"line":35,"column":23}},"loc":{"start":{"line":35,"column":30},"end":{"line":47,"column":1}},"line":35},"5":{"name":"(anonymous_5)","decl":{"start":{"line":36,"column":36},"end":{"line":36,"column":37}},"loc":{"start":{"line":36,"column":50},"end":{"line":40,"column":3}},"line":36},"6":{"name":"requestGameList","decl":{"start":{"line":49,"column":9},"end":{"line":49,"column":24}},"loc":{"start":{"line":49,"column":27},"end":{"line":53,"column":1}},"line":49},"7":{"name":"receiveGameList","decl":{"start":{"line":55,"column":9},"end":{"line":55,"column":24}},"loc":{"start":{"line":55,"column":41},"end":{"line":67,"column":1}},"line":55},"8":{"name":"(anonymous_8)","decl":{"start":{"line":56,"column":34},"end":{"line":56,"column":35}},"loc":{"start":{"line":56,"column":46},"end":{"line":59,"column":3}},"line":56},"9":{"name":"selectQuestion","decl":{"start":{"line":69,"column":9},"end":{"line":69,"column":23}},"loc":{"start":{"line":69,"column":56},"end":{"line":76,"column":1}},"line":69},"10":{"name":"updateScore","decl":{"start":{"line":78,"column":9},"end":{"line":78,"column":20}},"loc":{"start":{"line":78,"column":40},"end":{"line":83,"column":1}},"line":78},"11":{"name":"nextRound","decl":{"start":{"line":85,"column":9},"end":{"line":85,"column":18}},"loc":{"start":{"line":85,"column":33},"end":{"line":99,"column":1}},"line":85},"12":{"name":"bidFinalJeopardy","decl":{"start":{"line":101,"column":9},"end":{"line":101,"column":25}},"loc":{"start":{"line":101,"column":31},"end":{"line":106,"column":1}},"line":101},"13":{"name":"setError","decl":{"start":{"line":108,"column":9},"end":{"line":108,"column":17}},"loc":{"start":{"line":108,"column":25},"end":{"line":113,"column":1}},"line":108},"14":{"name":"dismissError","decl":{"start":{"line":115,"column":9},"end":{"line":115,"column":21}},"loc":{"start":{"line":115,"column":24},"end":{"line":119,"column":1}},"line":115},"15":{"name":"noop","decl":{"start":{"line":121,"column":9},"end":{"line":121,"column":13}},"loc":{"start":{"line":121,"column":16},"end":{"line":125,"column":1}},"line":121},"16":{"name":"fetchGameList","decl":{"start":{"line":130,"column":9},"end":{"line":130,"column":22}},"loc":{"start":{"line":130,"column":40},"end":{"line":144,"column":1}},"line":130},"17":{"name":"(anonymous_17)","decl":{"start":{"line":135,"column":9},"end":{"line":135,"column":10}},"loc":{"start":{"line":135,"column":28},"end":{"line":143,"column":3}},"line":135},"18":{"name":"(anonymous_18)","decl":{"start":{"line":139,"column":12},"end":{"line":139,"column":13}},"loc":{"start":{"line":139,"column":22},"end":{"line":141,"column":7}},"line":139},"19":{"name":"(anonymous_19)","decl":{"start":{"line":142,"column":13},"end":{"line":142,"column":14}},"loc":{"start":{"line":142,"column":19},"end":{"line":142,"column":21}},"line":142},"20":{"name":"fetchSeasons","decl":{"start":{"line":146,"column":9},"end":{"line":146,"column":21}},"loc":{"start":{"line":146,"column":29},"end":{"line":160,"column":1}},"line":146},"21":{"name":"(anonymous_21)","decl":{"start":{"line":151,"column":9},"end":{"line":151,"column":10}},"loc":{"start":{"line":151,"column":28},"end":{"line":159,"column":3}},"line":151},"22":{"name":"(anonymous_22)","decl":{"start":{"line":155,"column":12},"end":{"line":155,"column":13}},"loc":{"start":{"line":155,"column":22},"end":{"line":157,"column":7}},"line":155},"23":{"name":"(anonymous_23)","decl":{"start":{"line":158,"column":13},"end":{"line":158,"column":14}},"loc":{"start":{"line":158,"column":19},"end":{"line":158,"column":21}},"line":158},"24":{"name":"fetchGame","decl":{"start":{"line":162,"column":9},"end":{"line":162,"column":18}},"loc":{"start":{"line":162,"column":34},"end":{"line":179,"column":1}},"line":162},"25":{"name":"(anonymous_25)","decl":{"start":{"line":167,"column":9},"end":{"line":167,"column":10}},"loc":{"start":{"line":167,"column":28},"end":{"line":178,"column":3}},"line":167},"26":{"name":"(anonymous_26)","decl":{"start":{"line":173,"column":12},"end":{"line":173,"column":13}},"loc":{"start":{"line":173,"column":22},"end":{"line":175,"column":7}},"line":173},"27":{"name":"(anonymous_27)","decl":{"start":{"line":176,"column":13},"end":{"line":176,"column":14}},"loc":{"start":{"line":176,"column":19},"end":{"line":176,"column":21}},"line":176}},"branchMap":{"0":{"loc":{"start":{"line":87,"column":2},"end":{"line":93,"column":3}},"type":"if","locations":[{"start":{"line":87,"column":2},"end":{"line":93,"column":3}},{"start":{"line":87,"column":2},"end":{"line":93,"column":3}}],"line":87},"1":{"loc":{"start":{"line":89,"column":9},"end":{"line":93,"column":3}},"type":"if","locations":[{"start":{"line":89,"column":9},"end":{"line":93,"column":3}},{"start":{"line":89,"column":9},"end":{"line":93,"column":3}}],"line":89},"2":{"loc":{"start":{"line":91,"column":9},"end":{"line":93,"column":3}},"type":"if","locations":[{"start":{"line":91,"column":9},"end":{"line":93,"column":3}},{"start":{"line":91,"column":9},"end":{"line":93,"column":3}}],"line":91},"3":{"loc":{"start":{"line":131,"column":2},"end":{"line":133,"column":3}},"type":"if","locations":[{"start":{"line":131,"column":2},"end":{"line":133,"column":3}},{"start":{"line":131,"column":2},"end":{"line":133,"column":3}}],"line":131},"4":{"loc":{"start":{"line":131,"column":6},"end":{"line":131,"column":160}},"type":"binary-expr","locations":[{"start":{"line":131,"column":6},"end":{"line":131,"column":49}},{"start":{"line":131,"column":53},"end":{"line":131,"column":160}}],"line":131},"5":{"loc":{"start":{"line":147,"column":2},"end":{"line":149,"column":3}},"type":"if","locations":[{"start":{"line":147,"column":2},"end":{"line":149,"column":3}},{"start":{"line":147,"column":2},"end":{"line":149,"column":3}}],"line":147},"6":{"loc":{"start":{"line":163,"column":2},"end":{"line":165,"column":3}},"type":"if","locations":[{"start":{"line":163,"column":2},"end":{"line":165,"column":3}},{"start":{"line":163,"column":2},"end":{"line":165,"column":3}}],"line":163},"7":{"loc":{"start":{"line":163,"column":6},"end":{"line":163,"column":142}},"type":"binary-expr","locations":[{"start":{"line":163,"column":6},"end":{"line":163,"column":43}},{"start":{"line":163,"column":47},"end":{"line":163,"column":142}}],"line":163}},"s":{"0":1,"1":5,"2":5,"3":6,"4":1,"5":9,"6":45,"7":45,"8":45,"9":9,"10":9,"11":1,"12":7,"13":847,"14":847,"15":7,"16":7,"17":0,"18":0,"19":0,"20":0,"21":0,"22":0,"23":0,"24":0,"25":0,"26":0,"27":0,"28":0,"29":3,"30":2,"31":1,"32":1,"33":1,"34":1,"35":0,"36":2,"37":1,"38":1,"39":1,"40":1,"41":0,"42":2,"43":1,"44":1,"45":1,"46":1,"47":0},"f":{"0":1,"1":5,"2":6,"3":1,"4":9,"5":45,"6":1,"7":7,"8":847,"9":0,"10":0,"11":0,"12":0,"13":0,"14":0,"15":3,"16":2,"17":1,"18":0,"19":1,"20":2,"21":1,"22":0,"23":1,"24":2,"25":1,"26":0,"27":1},"b":{"0":[0,0],"1":[0,0],"2":[0,0],"3":[1,1],"4":[2,1],"5":[1,1],"6":[1,1],"7":[2,1]},"_coverageSchema":"332fd63041d2c1bcb487cc26dd0d5f7d97098a6c","hash":"0a3288ff3d2a6a098f9d9ad90b4cf2998ca8b5fd"}
,"/Users/alexpelan/Documents/dev/non-cureatr/huarte-new/huarte/app/components/About.js": {"path":"/Users/alexpelan/Documents/dev/non-cureatr/huarte-new/huarte/app/components/About.js","statementMap":{"0":{"start":{"line":11,"column":14},"end":{"line":22,"column":2}},"1":{"start":{"line":13,"column":4},"end":{"line":13,"column":43}},"2":{"start":{"line":14,"column":4},"end":{"line":20,"column":7}}},"fnMap":{"0":{"name":"(anonymous_0)","decl":{"start":{"line":12,"column":10},"end":{"line":12,"column":11}},"loc":{"start":{"line":12,"column":21},"end":{"line":21,"column":3}},"line":12}},"branchMap":{},"s":{"0":2,"1":1,"2":1},"f":{"0":1},"b":{},"_coverageSchema":"332fd63041d2c1bcb487cc26dd0d5f7d97098a6c","hash":"2802be2f4486e496ee0722d49605d13654a01947"}
,"/Users/alexpelan/Documents/dev/non-cureatr/huarte-new/huarte/app/components/Banner.js": {"path":"/Users/alexpelan/Documents/dev/non-cureatr/huarte-new/huarte/app/components/Banner.js","statementMap":{"0":{"start":{"line":13,"column":15},"end":{"line":30,"column":2}},"1":{"start":{"line":15,"column":4},"end":{"line":15,"column":46}},"2":{"start":{"line":19,"column":4},"end":{"line":28,"column":6}},"3":{"start":{"line":23,"column":58},"end":{"line":23,"column":72}}},"fnMap":{"0":{"name":"(anonymous_0)","decl":{"start":{"line":14,"column":11},"end":{"line":14,"column":12}},"loc":{"start":{"line":14,"column":22},"end":{"line":16,"column":3}},"line":14},"1":{"name":"(anonymous_1)","decl":{"start":{"line":18,"column":10},"end":{"line":18,"column":11}},"loc":{"start":{"line":18,"column":21},"end":{"line":29,"column":3}},"line":18},"2":{"name":"(anonymous_2)","decl":{"start":{"line":23,"column":50},"end":{"line":23,"column":51}},"loc":{"start":{"line":23,"column":56},"end":{"line":23,"column":73}},"line":23}},"branchMap":{},"s":{"0":1,"1":0,"2":1,"3":0},"f":{"0":0,"1":1,"2":0},"b":{},"_coverageSchema":"332fd63041d2c1bcb487cc26dd0d5f7d97098a6c","hash":"68e8826ab3b1a80b20f7868d02169f85ba23a2bf"}
,"/Users/alexpelan/Documents/dev/non-cureatr/huarte-new/huarte/app/components/CategoryList.js": {"path":"/Users/alexpelan/Documents/dev/non-cureatr/huarte-new/huarte/app/components/CategoryList.js","statementMap":{"0":{"start":{"line":19,"column":21},"end":{"line":122,"column":2}},"1":{"start":{"line":21,"column":21},"end":{"line":23,"column":6}},"2":{"start":{"line":22,"column":39},"end":{"line":22,"column":52}},"3":{"start":{"line":24,"column":4},"end":{"line":26,"column":6}},"4":{"start":{"line":30,"column":18},"end":{"line":30,"column":34}},"5":{"start":{"line":31,"column":4},"end":{"line":40,"column":7}},"6":{"start":{"line":32,"column":6},"end":{"line":39,"column":7}},"7":{"start":{"line":33,"column":8},"end":{"line":37,"column":11}},"8":{"start":{"line":35,"column":45},"end":{"line":35,"column":58}},"9":{"start":{"line":41,"column":4},"end":{"line":41,"column":57}},"10":{"start":{"line":45,"column":4},"end":{"line":45,"column":23}},"11":{"start":{"line":49,"column":4},"end":{"line":49,"column":63}},"12":{"start":{"line":53,"column":18},"end":{"line":53,"column":34}},"13":{"start":{"line":54,"column":4},"end":{"line":76,"column":5}},"14":{"start":{"line":55,"column":6},"end":{"line":62,"column":8}},"15":{"start":{"line":66,"column":6},"end":{"line":74,"column":9}},"16":{"start":{"line":80,"column":4},"end":{"line":80,"column":43}},"17":{"start":{"line":81,"column":4},"end":{"line":85,"column":5}},"18":{"start":{"line":82,"column":6},"end":{"line":84,"column":10}},"19":{"start":{"line":86,"column":18},"end":{"line":86,"column":34}},"20":{"start":{"line":87,"column":23},"end":{"line":87,"column":105}},"21":{"start":{"line":88,"column":4},"end":{"line":95,"column":5}},"22":{"start":{"line":91,"column":59},"end":{"line":91,"column":103}},"23":{"start":{"line":92,"column":28},"end":{"line":92,"column":47}},"24":{"start":{"line":99,"column":4},"end":{"line":104,"column":6}},"25":{"start":{"line":101,"column":23},"end":{"line":101,"column":67}},"26":{"start":{"line":108,"column":16},"end":{"line":108,"column":73}},"27":{"start":{"line":109,"column":4},"end":{"line":109,"column":60}},"28":{"start":{"line":110,"column":4},"end":{"line":110,"column":35}},"29":{"start":{"line":111,"column":4},"end":{"line":111,"column":16}},"30":{"start":{"line":115,"column":27},"end":{"line":115,"column":53}},"31":{"start":{"line":116,"column":18},"end":{"line":116,"column":34}},"32":{"start":{"line":117,"column":4},"end":{"line":119,"column":5}}},"fnMap":{"0":{"name":"(anonymous_0)","decl":{"start":{"line":20,"column":20},"end":{"line":20,"column":21}},"loc":{"start":{"line":20,"column":31},"end":{"line":27,"column":3}},"line":20},"1":{"name":"(anonymous_1)","decl":{"start":{"line":22,"column":23},"end":{"line":22,"column":24}},"loc":{"start":{"line":22,"column":39},"end":{"line":22,"column":52}},"line":22},"2":{"name":"(anonymous_2)","decl":{"start":{"line":29,"column":21},"end":{"line":29,"column":22}},"loc":{"start":{"line":29,"column":32},"end":{"line":42,"column":3}},"line":29},"3":{"name":"(anonymous_3)","decl":{"start":{"line":31,"column":39},"end":{"line":31,"column":40}},"loc":{"start":{"line":31,"column":45},"end":{"line":40,"column":5}},"line":31},"4":{"name":"(anonymous_4)","decl":{"start":{"line":35,"column":29},"end":{"line":35,"column":30}},"loc":{"start":{"line":35,"column":45},"end":{"line":35,"column":58}},"line":35},"5":{"name":"(anonymous_5)","decl":{"start":{"line":44,"column":24},"end":{"line":44,"column":25}},"loc":{"start":{"line":44,"column":35},"end":{"line":46,"column":3}},"line":44},"6":{"name":"(anonymous_6)","decl":{"start":{"line":48,"column":13},"end":{"line":48,"column":14}},"loc":{"start":{"line":48,"column":24},"end":{"line":50,"column":3}},"line":48},"7":{"name":"(anonymous_7)","decl":{"start":{"line":52,"column":18},"end":{"line":52,"column":19}},"loc":{"start":{"line":52,"column":52},"end":{"line":77,"column":3}},"line":52},"8":{"name":"(anonymous_8)","decl":{"start":{"line":79,"column":10},"end":{"line":79,"column":11}},"loc":{"start":{"line":79,"column":21},"end":{"line":96,"column":3}},"line":79},"9":{"name":"(anonymous_9)","decl":{"start":{"line":91,"column":19},"end":{"line":91,"column":20}},"loc":{"start":{"line":91,"column":59},"end":{"line":91,"column":103}},"line":91},"10":{"name":"(anonymous_10)","decl":{"start":{"line":92,"column":22},"end":{"line":92,"column":23}},"loc":{"start":{"line":92,"column":28},"end":{"line":92,"column":47}},"line":92},"11":{"name":"(anonymous_11)","decl":{"start":{"line":98,"column":18},"end":{"line":98,"column":19}},"loc":{"start":{"line":98,"column":52},"end":{"line":105,"column":3}},"line":98},"12":{"name":"(anonymous_12)","decl":{"start":{"line":101,"column":17},"end":{"line":101,"column":18}},"loc":{"start":{"line":101,"column":23},"end":{"line":101,"column":67}},"line":101},"13":{"name":"(anonymous_13)","decl":{"start":{"line":107,"column":23},"end":{"line":107,"column":24}},"loc":{"start":{"line":107,"column":34},"end":{"line":112,"column":3}},"line":107},"14":{"name":"(anonymous_14)","decl":{"start":{"line":114,"column":16},"end":{"line":114,"column":17}},"loc":{"start":{"line":114,"column":27},"end":{"line":120,"column":3}},"line":114}},"branchMap":{"0":{"loc":{"start":{"line":32,"column":6},"end":{"line":39,"column":7}},"type":"if","locations":[{"start":{"line":32,"column":6},"end":{"line":39,"column":7}},{"start":{"line":32,"column":6},"end":{"line":39,"column":7}}],"line":32},"1":{"loc":{"start":{"line":54,"column":4},"end":{"line":76,"column":5}},"type":"if","locations":[{"start":{"line":54,"column":4},"end":{"line":76,"column":5}},{"start":{"line":54,"column":4},"end":{"line":76,"column":5}}],"line":54},"2":{"loc":{"start":{"line":81,"column":4},"end":{"line":85,"column":5}},"type":"if","locations":[{"start":{"line":81,"column":4},"end":{"line":85,"column":5}},{"start":{"line":81,"column":4},"end":{"line":85,"column":5}}],"line":81},"3":{"loc":{"start":{"line":100,"column":37},"end":{"line":100,"column":84}},"type":"binary-expr","locations":[{"start":{"line":100,"column":37},"end":{"line":100,"column":57}},{"start":{"line":100,"column":61},"end":{"line":100,"column":84}}],"line":100}},"s":{"0":4,"1":2,"2":0,"3":2,"4":2,"5":2,"6":2,"7":1,"8":0,"9":2,"10":0,"11":5,"12":0,"13":0,"14":0,"15":0,"16":3,"17":3,"18":1,"19":2,"20":2,"21":2,"22":12,"23":2,"24":12,"25":0,"26":2,"27":2,"28":2,"29":2,"30":2,"31":2,"32":2},"f":{"0":2,"1":0,"2":2,"3":2,"4":0,"5":0,"6":5,"7":0,"8":3,"9":12,"10":2,"11":12,"12":0,"13":2,"14":2},"b":{"0":[1,1],"1":[0,0],"2":[1,2],"3":[12,0]},"_coverageSchema":"332fd63041d2c1bcb487cc26dd0d5f7d97098a6c","hash":"1b433c30b9b11dea0af4a1a2249dc1ed1c1fa70c"}
,"/Users/alexpelan/Documents/dev/non-cureatr/huarte-new/huarte/app/components/DailyDoubleBid.js": {"path":"/Users/alexpelan/Documents/dev/non-cureatr/huarte-new/huarte/app/components/DailyDoubleBid.js","statementMap":{"0":{"start":{"line":21,"column":23},"end":{"line":112,"column":2}},"1":{"start":{"line":23,"column":4},"end":{"line":25,"column":6}},"2":{"start":{"line":29,"column":18},"end":{"line":29,"column":34}},"3":{"start":{"line":30,"column":18},"end":{"line":30,"column":57}},"4":{"start":{"line":31,"column":28},"end":{"line":31,"column":74}},"5":{"start":{"line":34,"column":4},"end":{"line":38,"column":5}},"6":{"start":{"line":35,"column":6},"end":{"line":35,"column":21}},"7":{"start":{"line":37,"column":6},"end":{"line":37,"column":33}},"8":{"start":{"line":40,"column":4},"end":{"line":40,"column":18}},"9":{"start":{"line":44,"column":18},"end":{"line":44,"column":34}},"10":{"start":{"line":45,"column":15},"end":{"line":45,"column":30}},"11":{"start":{"line":46,"column":15},"end":{"line":46,"column":31}},"12":{"start":{"line":47,"column":16},"end":{"line":47,"column":27}},"13":{"start":{"line":50,"column":19},"end":{"line":50,"column":35}},"14":{"start":{"line":51,"column":20},"end":{"line":51,"column":34}},"15":{"start":{"line":52,"column":4},"end":{"line":61,"column":5}},"16":{"start":{"line":53,"column":6},"end":{"line":56,"column":7}},"17":{"start":{"line":54,"column":8},"end":{"line":54,"column":85}},"18":{"start":{"line":55,"column":8},"end":{"line":55,"column":15}},"19":{"start":{"line":57,"column":6},"end":{"line":57,"column":17}},"20":{"start":{"line":59,"column":6},"end":{"line":59,"column":71}},"21":{"start":{"line":60,"column":6},"end":{"line":60,"column":13}},"22":{"start":{"line":63,"column":25},"end":{"line":63,"column":48}},"23":{"start":{"line":64,"column":4},"end":{"line":64,"column":38}},"24":{"start":{"line":65,"column":4},"end":{"line":75,"column":7}},"25":{"start":{"line":80,"column":4},"end":{"line":80,"column":49}},"26":{"start":{"line":85,"column":4},"end":{"line":85,"column":49}},"27":{"start":{"line":86,"column":19},"end":{"line":86,"column":35}},"28":{"start":{"line":88,"column":4},"end":{"line":90,"column":5}},"29":{"start":{"line":89,"column":6},"end":{"line":89,"column":56}},"30":{"start":{"line":92,"column":4},"end":{"line":110,"column":6}},"31":{"start":{"line":93,"column":47},"end":{"line":93,"column":64}},"32":{"start":{"line":101,"column":36},"end":{"line":101,"column":57}},"33":{"start":{"line":102,"column":35},"end":{"line":102,"column":53}},"34":{"start":{"line":107,"column":81},"end":{"line":107,"column":115}}},"fnMap":{"0":{"name":"(anonymous_0)","decl":{"start":{"line":22,"column":19},"end":{"line":22,"column":20}},"loc":{"start":{"line":22,"column":30},"end":{"line":26,"column":3}},"line":22},"1":{"name":"(anonymous_1)","decl":{"start":{"line":28,"column":13},"end":{"line":28,"column":14}},"loc":{"start":{"line":28,"column":24},"end":{"line":41,"column":3}},"line":28},"2":{"name":"(anonymous_2)","decl":{"start":{"line":43,"column":15},"end":{"line":43,"column":16}},"loc":{"start":{"line":43,"column":26},"end":{"line":77,"column":3}},"line":43},"3":{"name":"(anonymous_3)","decl":{"start":{"line":79,"column":20},"end":{"line":79,"column":21}},"loc":{"start":{"line":79,"column":42},"end":{"line":81,"column":3}},"line":79},"4":{"name":"(anonymous_4)","decl":{"start":{"line":83,"column":10},"end":{"line":83,"column":11}},"loc":{"start":{"line":83,"column":21},"end":{"line":111,"column":3}},"line":83},"5":{"name":"(anonymous_5)","decl":{"start":{"line":93,"column":41},"end":{"line":93,"column":42}},"loc":{"start":{"line":93,"column":47},"end":{"line":93,"column":64}},"line":93},"6":{"name":"(anonymous_6)","decl":{"start":{"line":101,"column":26},"end":{"line":101,"column":27}},"loc":{"start":{"line":101,"column":36},"end":{"line":101,"column":57}},"line":101},"7":{"name":"(anonymous_7)","decl":{"start":{"line":102,"column":29},"end":{"line":102,"column":30}},"loc":{"start":{"line":102,"column":35},"end":{"line":102,"column":53}},"line":102},"8":{"name":"(anonymous_8)","decl":{"start":{"line":107,"column":64},"end":{"line":107,"column":65}},"loc":{"start":{"line":107,"column":81},"end":{"line":107,"column":115}},"line":107}},"branchMap":{"0":{"loc":{"start":{"line":34,"column":4},"end":{"line":38,"column":5}},"type":"if","locations":[{"start":{"line":34,"column":4},"end":{"line":38,"column":5}},{"start":{"line":34,"column":4},"end":{"line":38,"column":5}}],"line":34},"1":{"loc":{"start":{"line":52,"column":4},"end":{"line":61,"column":5}},"type":"if","locations":[{"start":{"line":52,"column":4},"end":{"line":61,"column":5}},{"start":{"line":52,"column":4},"end":{"line":61,"column":5}}],"line":52},"2":{"loc":{"start":{"line":52,"column":7},"end":{"line":52,"column":42}},"type":"binary-expr","locations":[{"start":{"line":52,"column":7},"end":{"line":52,"column":24}},{"start":{"line":52,"column":28},"end":{"line":52,"column":42}}],"line":52},"3":{"loc":{"start":{"line":53,"column":6},"end":{"line":56,"column":7}},"type":"if","locations":[{"start":{"line":53,"column":6},"end":{"line":56,"column":7}},{"start":{"line":53,"column":6},"end":{"line":56,"column":7}}],"line":53},"4":{"loc":{"start":{"line":88,"column":4},"end":{"line":90,"column":5}},"type":"if","locations":[{"start":{"line":88,"column":4},"end":{"line":90,"column":5}},{"start":{"line":88,"column":4},"end":{"line":90,"column":5}}],"line":88}},"s":{"0":6,"1":1,"2":1,"3":1,"4":1,"5":1,"6":0,"7":1,"8":1,"9":0,"10":0,"11":0,"12":0,"13":0,"14":0,"15":0,"16":0,"17":0,"18":0,"19":0,"20":0,"21":0,"22":0,"23":0,"24":0,"25":0,"26":1,"27":1,"28":1,"29":1,"30":1,"31":0,"32":0,"33":0,"34":0},"f":{"0":1,"1":1,"2":0,"3":0,"4":1,"5":0,"6":0,"7":0,"8":0},"b":{"0":[0,1],"1":[0,0],"2":[0,0],"3":[0,0],"4":[1,0]},"_coverageSchema":"332fd63041d2c1bcb487cc26dd0d5f7d97098a6c","hash":"8962c31233ebed06e25370c1511c7ba3431c5f87"}
,"/Users/alexpelan/Documents/dev/non-cureatr/huarte-new/huarte/app/components/DollarAmountList.js": {"path":"/Users/alexpelan/Documents/dev/non-cureatr/huarte-new/huarte/app/components/DollarAmountList.js","statementMap":{"0":{"start":{"line":19,"column":25},"end":{"line":89,"column":2}},"1":{"start":{"line":21,"column":21},"end":{"line":23,"column":6}},"2":{"start":{"line":22,"column":37},"end":{"line":22,"column":49}},"3":{"start":{"line":24,"column":4},"end":{"line":26,"column":6}},"4":{"start":{"line":30,"column":18},"end":{"line":30,"column":34}},"5":{"start":{"line":31,"column":25},"end":{"line":31,"column":49}},"6":{"start":{"line":32,"column":4},"end":{"line":32,"column":120}},"7":{"start":{"line":33,"column":4},"end":{"line":58,"column":5}},"8":{"start":{"line":34,"column":6},"end":{"line":44,"column":9}},"9":{"start":{"line":47,"column":6},"end":{"line":57,"column":9}},"10":{"start":{"line":65,"column":4},"end":{"line":65,"column":43}},"11":{"start":{"line":66,"column":4},"end":{"line":72,"column":5}},"12":{"start":{"line":69,"column":51},"end":{"line":69,"column":83}},"13":{"start":{"line":76,"column":4},"end":{"line":86,"column":6}},"14":{"start":{"line":79,"column":12},"end":{"line":81,"column":13}},"15":{"start":{"line":80,"column":14},"end":{"line":80,"column":46}}},"fnMap":{"0":{"name":"(anonymous_0)","decl":{"start":{"line":20,"column":19},"end":{"line":20,"column":20}},"loc":{"start":{"line":20,"column":31},"end":{"line":27,"column":3}},"line":20},"1":{"name":"(anonymous_1)","decl":{"start":{"line":22,"column":21},"end":{"line":22,"column":22}},"loc":{"start":{"line":22,"column":37},"end":{"line":22,"column":49}},"line":22},"2":{"name":"(anonymous_2)","decl":{"start":{"line":29,"column":14},"end":{"line":29,"column":15}},"loc":{"start":{"line":29,"column":40},"end":{"line":62,"column":3}},"line":29},"3":{"name":"(anonymous_3)","decl":{"start":{"line":64,"column":10},"end":{"line":64,"column":11}},"loc":{"start":{"line":64,"column":21},"end":{"line":73,"column":3}},"line":64},"4":{"name":"(anonymous_4)","decl":{"start":{"line":69,"column":19},"end":{"line":69,"column":20}},"loc":{"start":{"line":69,"column":51},"end":{"line":69,"column":83}},"line":69},"5":{"name":"(anonymous_5)","decl":{"start":{"line":75,"column":14},"end":{"line":75,"column":15}},"loc":{"start":{"line":75,"column":39},"end":{"line":87,"column":3}},"line":75},"6":{"name":"(anonymous_6)","decl":{"start":{"line":78,"column":17},"end":{"line":78,"column":18}},"loc":{"start":{"line":78,"column":23},"end":{"line":82,"column":11}},"line":78}},"branchMap":{"0":{"loc":{"start":{"line":33,"column":4},"end":{"line":58,"column":5}},"type":"if","locations":[{"start":{"line":33,"column":4},"end":{"line":58,"column":5}},{"start":{"line":33,"column":4},"end":{"line":58,"column":5}}],"line":33},"1":{"loc":{"start":{"line":77,"column":37},"end":{"line":77,"column":80}},"type":"binary-expr","locations":[{"start":{"line":77,"column":37},"end":{"line":77,"column":53}},{"start":{"line":77,"column":57},"end":{"line":77,"column":80}}],"line":77},"2":{"loc":{"start":{"line":79,"column":12},"end":{"line":81,"column":13}},"type":"if","locations":[{"start":{"line":79,"column":12},"end":{"line":81,"column":13}},{"start":{"line":79,"column":12},"end":{"line":81,"column":13}}],"line":79}},"s":{"0":5,"1":1,"2":0,"3":1,"4":0,"5":0,"6":0,"7":0,"8":0,"9":0,"10":1,"11":1,"12":4,"13":4,"14":0,"15":0},"f":{"0":1,"1":0,"2":0,"3":1,"4":4,"5":4,"6":0},"b":{"0":[0,0],"1":[4,0],"2":[0,0]},"_coverageSchema":"332fd63041d2c1bcb487cc26dd0d5f7d97098a6c","hash":"87feedfff1b026e4f7a368e6fa5cae5e9fa30a3b"}
,"/Users/alexpelan/Documents/dev/non-cureatr/huarte-new/huarte/app/components/FinalJeopardyBid.js": {"path":"/Users/alexpelan/Documents/dev/non-cureatr/huarte-new/huarte/app/components/FinalJeopardyBid.js","statementMap":{"0":{"start":{"line":24,"column":25},"end":{"line":106,"column":2}},"1":{"start":{"line":26,"column":4},"end":{"line":28,"column":6}},"2":{"start":{"line":32,"column":18},"end":{"line":32,"column":34}},"3":{"start":{"line":33,"column":15},"end":{"line":33,"column":30}},"4":{"start":{"line":34,"column":16},"end":{"line":34,"column":50}},"5":{"start":{"line":38,"column":4},"end":{"line":54,"column":5}},"6":{"start":{"line":39,"column":6},"end":{"line":39,"column":21}},"7":{"start":{"line":41,"column":22},"end":{"line":41,"column":36}},"8":{"start":{"line":42,"column":6},"end":{"line":51,"column":7}},"9":{"start":{"line":43,"column":8},"end":{"line":46,"column":9}},"10":{"start":{"line":44,"column":10},"end":{"line":44,"column":86}},"11":{"start":{"line":45,"column":10},"end":{"line":45,"column":17}},"12":{"start":{"line":47,"column":8},"end":{"line":47,"column":19}},"13":{"start":{"line":49,"column":8},"end":{"line":49,"column":72}},"14":{"start":{"line":50,"column":8},"end":{"line":50,"column":15}},"15":{"start":{"line":53,"column":6},"end":{"line":53,"column":14}},"16":{"start":{"line":56,"column":4},"end":{"line":56,"column":42}},"17":{"start":{"line":57,"column":28},"end":{"line":57,"column":62}},"18":{"start":{"line":58,"column":25},"end":{"line":58,"column":49}},"19":{"start":{"line":59,"column":4},"end":{"line":69,"column":7}},"20":{"start":{"line":74,"column":4},"end":{"line":74,"column":49}},"21":{"start":{"line":79,"column":4},"end":{"line":79,"column":49}},"22":{"start":{"line":80,"column":16},"end":{"line":80,"column":66}},"23":{"start":{"line":82,"column":4},"end":{"line":84,"column":5}},"24":{"start":{"line":83,"column":6},"end":{"line":83,"column":56}},"25":{"start":{"line":86,"column":4},"end":{"line":104,"column":6}},"26":{"start":{"line":87,"column":47},"end":{"line":87,"column":64}},"27":{"start":{"line":95,"column":36},"end":{"line":95,"column":57}},"28":{"start":{"line":96,"column":35},"end":{"line":96,"column":53}},"29":{"start":{"line":101,"column":81},"end":{"line":101,"column":115}}},"fnMap":{"0":{"name":"(anonymous_0)","decl":{"start":{"line":25,"column":19},"end":{"line":25,"column":20}},"loc":{"start":{"line":25,"column":30},"end":{"line":29,"column":3}},"line":25},"1":{"name":"(anonymous_1)","decl":{"start":{"line":31,"column":15},"end":{"line":31,"column":16}},"loc":{"start":{"line":31,"column":26},"end":{"line":71,"column":3}},"line":31},"2":{"name":"(anonymous_2)","decl":{"start":{"line":73,"column":20},"end":{"line":73,"column":21}},"loc":{"start":{"line":73,"column":42},"end":{"line":75,"column":3}},"line":73},"3":{"name":"(anonymous_3)","decl":{"start":{"line":77,"column":10},"end":{"line":77,"column":11}},"loc":{"start":{"line":77,"column":21},"end":{"line":105,"column":3}},"line":77},"4":{"name":"(anonymous_4)","decl":{"start":{"line":87,"column":41},"end":{"line":87,"column":42}},"loc":{"start":{"line":87,"column":47},"end":{"line":87,"column":64}},"line":87},"5":{"name":"(anonymous_5)","decl":{"start":{"line":95,"column":26},"end":{"line":95,"column":27}},"loc":{"start":{"line":95,"column":36},"end":{"line":95,"column":57}},"line":95},"6":{"name":"(anonymous_6)","decl":{"start":{"line":96,"column":29},"end":{"line":96,"column":30}},"loc":{"start":{"line":96,"column":35},"end":{"line":96,"column":53}},"line":96},"7":{"name":"(anonymous_7)","decl":{"start":{"line":101,"column":64},"end":{"line":101,"column":65}},"loc":{"start":{"line":101,"column":81},"end":{"line":101,"column":115}},"line":101}},"branchMap":{"0":{"loc":{"start":{"line":38,"column":4},"end":{"line":54,"column":5}},"type":"if","locations":[{"start":{"line":38,"column":4},"end":{"line":54,"column":5}},{"start":{"line":38,"column":4},"end":{"line":54,"column":5}}],"line":38},"1":{"loc":{"start":{"line":42,"column":6},"end":{"line":51,"column":7}},"type":"if","locations":[{"start":{"line":42,"column":6},"end":{"line":51,"column":7}},{"start":{"line":42,"column":6},"end":{"line":51,"column":7}}],"line":42},"2":{"loc":{"start":{"line":42,"column":9},"end":{"line":42,"column":44}},"type":"binary-expr","locations":[{"start":{"line":42,"column":9},"end":{"line":42,"column":26}},{"start":{"line":42,"column":30},"end":{"line":42,"column":44}}],"line":42},"3":{"loc":{"start":{"line":43,"column":8},"end":{"line":46,"column":9}},"type":"if","locations":[{"start":{"line":43,"column":8},"end":{"line":46,"column":9}},{"start":{"line":43,"column":8},"end":{"line":46,"column":9}}],"line":43},"4":{"loc":{"start":{"line":82,"column":4},"end":{"line":84,"column":5}},"type":"if","locations":[{"start":{"line":82,"column":4},"end":{"line":84,"column":5}},{"start":{"line":82,"column":4},"end":{"line":84,"column":5}}],"line":82}},"s":{"0":1,"1":1,"2":0,"3":0,"4":0,"5":0,"6":0,"7":0,"8":0,"9":0,"10":0,"11":0,"12":0,"13":0,"14":0,"15":0,"16":0,"17":0,"18":0,"19":0,"20":0,"21":1,"22":1,"23":1,"24":1,"25":1,"26":0,"27":0,"28":0,"29":0},"f":{"0":1,"1":0,"2":0,"3":1,"4":0,"5":0,"6":0,"7":0},"b":{"0":[0,0],"1":[0,0],"2":[0,0],"3":[0,0],"4":[1,0]},"_coverageSchema":"332fd63041d2c1bcb487cc26dd0d5f7d97098a6c","hash":"991bafcb3865edece51fe8562a64c24ec756a4d6"}
,"/Users/alexpelan/Documents/dev/non-cureatr/huarte-new/huarte/app/components/GameList.js": {"path":"/Users/alexpelan/Documents/dev/non-cureatr/huarte-new/huarte/app/components/GameList.js","statementMap":{"0":{"start":{"line":21,"column":17},"end":{"line":89,"column":2}},"1":{"start":{"line":23,"column":21},"end":{"line":25,"column":6}},"2":{"start":{"line":24,"column":39},"end":{"line":24,"column":52}},"3":{"start":{"line":26,"column":4},"end":{"line":28,"column":6}},"4":{"start":{"line":32,"column":18},"end":{"line":32,"column":34}},"5":{"start":{"line":33,"column":4},"end":{"line":40,"column":7}},"6":{"start":{"line":34,"column":6},"end":{"line":39,"column":7}},"7":{"start":{"line":35,"column":22},"end":{"line":35,"column":88}},"8":{"start":{"line":36,"column":8},"end":{"line":38,"column":11}},"9":{"start":{"line":41,"column":4},"end":{"line":41,"column":69}},"10":{"start":{"line":45,"column":4},"end":{"line":45,"column":23}},"11":{"start":{"line":49,"column":4},"end":{"line":49,"column":84}},"12":{"start":{"line":53,"column":18},"end":{"line":53,"column":34}},"13":{"start":{"line":54,"column":4},"end":{"line":54,"column":37}},"14":{"start":{"line":55,"column":4},"end":{"line":62,"column":7}},"15":{"start":{"line":66,"column":4},"end":{"line":66,"column":43}},"16":{"start":{"line":67,"column":4},"end":{"line":71,"column":5}},"17":{"start":{"line":68,"column":6},"end":{"line":70,"column":8}},"18":{"start":{"line":72,"column":4},"end":{"line":78,"column":7}},"19":{"start":{"line":75,"column":29},"end":{"line":75,"column":50}},"20":{"start":{"line":82,"column":4},"end":{"line":87,"column":7}},"21":{"start":{"line":84,"column":23},"end":{"line":84,"column":44}}},"fnMap":{"0":{"name":"(anonymous_0)","decl":{"start":{"line":22,"column":19},"end":{"line":22,"column":20}},"loc":{"start":{"line":22,"column":30},"end":{"line":29,"column":3}},"line":22},"1":{"name":"(anonymous_1)","decl":{"start":{"line":24,"column":23},"end":{"line":24,"column":24}},"loc":{"start":{"line":24,"column":39},"end":{"line":24,"column":52}},"line":24},"2":{"name":"(anonymous_2)","decl":{"start":{"line":31,"column":21},"end":{"line":31,"column":22}},"loc":{"start":{"line":31,"column":32},"end":{"line":42,"column":3}},"line":31},"3":{"name":"(anonymous_3)","decl":{"start":{"line":33,"column":39},"end":{"line":33,"column":40}},"loc":{"start":{"line":33,"column":45},"end":{"line":40,"column":5}},"line":33},"4":{"name":"(anonymous_4)","decl":{"start":{"line":44,"column":24},"end":{"line":44,"column":25}},"loc":{"start":{"line":44,"column":35},"end":{"line":46,"column":3}},"line":44},"5":{"name":"(anonymous_5)","decl":{"start":{"line":48,"column":13},"end":{"line":48,"column":14}},"loc":{"start":{"line":48,"column":24},"end":{"line":50,"column":3}},"line":48},"6":{"name":"(anonymous_6)","decl":{"start":{"line":52,"column":14},"end":{"line":52,"column":15}},"loc":{"start":{"line":52,"column":29},"end":{"line":63,"column":3}},"line":52},"7":{"name":"(anonymous_7)","decl":{"start":{"line":65,"column":10},"end":{"line":65,"column":11}},"loc":{"start":{"line":65,"column":21},"end":{"line":79,"column":3}},"line":65},"8":{"name":"(anonymous_8)","decl":{"start":{"line":75,"column":19},"end":{"line":75,"column":20}},"loc":{"start":{"line":75,"column":29},"end":{"line":75,"column":50}},"line":75},"9":{"name":"(anonymous_9)","decl":{"start":{"line":81,"column":14},"end":{"line":81,"column":15}},"loc":{"start":{"line":81,"column":29},"end":{"line":88,"column":3}},"line":81},"10":{"name":"(anonymous_10)","decl":{"start":{"line":84,"column":17},"end":{"line":84,"column":18}},"loc":{"start":{"line":84,"column":23},"end":{"line":84,"column":44}},"line":84}},"branchMap":{"0":{"loc":{"start":{"line":34,"column":6},"end":{"line":39,"column":7}},"type":"if","locations":[{"start":{"line":34,"column":6},"end":{"line":39,"column":7}},{"start":{"line":34,"column":6},"end":{"line":39,"column":7}}],"line":34},"1":{"loc":{"start":{"line":67,"column":4},"end":{"line":71,"column":5}},"type":"if","locations":[{"start":{"line":67,"column":4},"end":{"line":71,"column":5}},{"start":{"line":67,"column":4},"end":{"line":71,"column":5}}],"line":67}},"s":{"0":3,"1":2,"2":0,"3":2,"4":2,"5":2,"6":2,"7":1,"8":1,"9":2,"10":0,"11":5,"12":0,"13":0,"14":0,"15":3,"16":3,"17":1,"18":2,"19":121,"20":121,"21":0},"f":{"0":2,"1":0,"2":2,"3":2,"4":0,"5":5,"6":0,"7":3,"8":121,"9":121,"10":0},"b":{"0":[1,1],"1":[1,2]},"_coverageSchema":"332fd63041d2c1bcb487cc26dd0d5f7d97098a6c","hash":"05a6a7ecc2c3b4e1d370e3377db3df10e8ed1e95"}
,"/Users/alexpelan/Documents/dev/non-cureatr/huarte-new/huarte/app/components/HuarteMainMenu.js": {"path":"/Users/alexpelan/Documents/dev/non-cureatr/huarte-new/huarte/app/components/HuarteMainMenu.js","statementMap":{"0":{"start":{"line":14,"column":31},"end":{"line":27,"column":1}},"1":{"start":{"line":29,"column":23},"end":{"line":72,"column":2}},"2":{"start":{"line":31,"column":21},"end":{"line":33,"column":6}},"3":{"start":{"line":32,"column":39},"end":{"line":32,"column":52}},"4":{"start":{"line":34,"column":4},"end":{"line":36,"column":6}},"5":{"start":{"line":41,"column":4},"end":{"line":41,"column":43}},"6":{"start":{"line":42,"column":4},"end":{"line":48,"column":9}},"7":{"start":{"line":45,"column":35},"end":{"line":45,"column":63}},"8":{"start":{"line":53,"column":4},"end":{"line":58,"column":6}},"9":{"start":{"line":55,"column":23},"end":{"line":55,"column":52}},"10":{"start":{"line":62,"column":18},"end":{"line":62,"column":34}},"11":{"start":{"line":63,"column":4},"end":{"line":69,"column":6}}},"fnMap":{"0":{"name":"(anonymous_0)","decl":{"start":{"line":30,"column":19},"end":{"line":30,"column":20}},"loc":{"start":{"line":30,"column":30},"end":{"line":37,"column":3}},"line":30},"1":{"name":"(anonymous_1)","decl":{"start":{"line":32,"column":23},"end":{"line":32,"column":24}},"loc":{"start":{"line":32,"column":39},"end":{"line":32,"column":52}},"line":32},"2":{"name":"(anonymous_2)","decl":{"start":{"line":40,"column":10},"end":{"line":40,"column":11}},"loc":{"start":{"line":40,"column":21},"end":{"line":50,"column":3}},"line":40},"3":{"name":"(anonymous_3)","decl":{"start":{"line":45,"column":21},"end":{"line":45,"column":22}},"loc":{"start":{"line":45,"column":35},"end":{"line":45,"column":63}},"line":45},"4":{"name":"(anonymous_4)","decl":{"start":{"line":52,"column":17},"end":{"line":52,"column":18}},"loc":{"start":{"line":52,"column":36},"end":{"line":59,"column":3}},"line":52},"5":{"name":"(anonymous_5)","decl":{"start":{"line":55,"column":17},"end":{"line":55,"column":18}},"loc":{"start":{"line":55,"column":23},"end":{"line":55,"column":52}},"line":55},"6":{"name":"(anonymous_6)","decl":{"start":{"line":61,"column":18},"end":{"line":61,"column":19}},"loc":{"start":{"line":61,"column":37},"end":{"line":70,"column":3}},"line":61}},"branchMap":{},"s":{"0":1,"1":1,"2":1,"3":0,"4":1,"5":1,"6":1,"7":3,"8":3,"9":0,"10":0,"11":0},"f":{"0":1,"1":0,"2":1,"3":3,"4":3,"5":0,"6":0},"b":{},"_coverageSchema":"332fd63041d2c1bcb487cc26dd0d5f7d97098a6c","hash":"5f6f3309b12304c922227cda09df4d14823ff7c0"}
,"/Users/alexpelan/Documents/dev/non-cureatr/huarte-new/huarte/app/components/Link.js": {"path":"/Users/alexpelan/Documents/dev/non-cureatr/huarte-new/huarte/app/components/Link.js","statementMap":{"0":{"start":{"line":10,"column":13},"end":{"line":18,"column":2}},"1":{"start":{"line":12,"column":4},"end":{"line":16,"column":8}},"2":{"start":{"line":13,"column":54},"end":{"line":13,"column":85}}},"fnMap":{"0":{"name":"(anonymous_0)","decl":{"start":{"line":11,"column":10},"end":{"line":11,"column":11}},"loc":{"start":{"line":11,"column":22},"end":{"line":17,"column":3}},"line":11},"1":{"name":"(anonymous_1)","decl":{"start":{"line":13,"column":46},"end":{"line":13,"column":47}},"loc":{"start":{"line":13,"column":52},"end":{"line":13,"column":86}},"line":13}},"branchMap":{},"s":{"0":3,"1":5,"2":0},"f":{"0":5,"1":0},"b":{},"_coverageSchema":"332fd63041d2c1bcb487cc26dd0d5f7d97098a6c","hash":"a1befbf5581992de514606d2fd19ec93778b88b0"}
,"/Users/alexpelan/Documents/dev/non-cureatr/huarte-new/huarte/app/components/MediaLink.js": {"path":"/Users/alexpelan/Documents/dev/non-cureatr/huarte-new/huarte/app/components/MediaLink.js","statementMap":{"0":{"start":{"line":11,"column":18},"end":{"line":36,"column":2}},"1":{"start":{"line":14,"column":4},"end":{"line":18,"column":5}},"2":{"start":{"line":15,"column":6},"end":{"line":15,"column":26}},"3":{"start":{"line":16,"column":11},"end":{"line":18,"column":5}},"4":{"start":{"line":17,"column":6},"end":{"line":17,"column":26}},"5":{"start":{"line":22,"column":4},"end":{"line":28,"column":6}},"6":{"start":{"line":32,"column":4},"end":{"line":34,"column":8}},"7":{"start":{"line":33,"column":76},"end":{"line":33,"column":92}}},"fnMap":{"0":{"name":"(anonymous_0)","decl":{"start":{"line":13,"column":12},"end":{"line":13,"column":13}},"loc":{"start":{"line":13,"column":23},"end":{"line":19,"column":3}},"line":13},"1":{"name":"(anonymous_1)","decl":{"start":{"line":21,"column":13},"end":{"line":21,"column":14}},"loc":{"start":{"line":21,"column":24},"end":{"line":29,"column":3}},"line":21},"2":{"name":"(anonymous_2)","decl":{"start":{"line":31,"column":10},"end":{"line":31,"column":11}},"loc":{"start":{"line":31,"column":21},"end":{"line":35,"column":3}},"line":31},"3":{"name":"(anonymous_3)","decl":{"start":{"line":33,"column":68},"end":{"line":33,"column":69}},"loc":{"start":{"line":33,"column":74},"end":{"line":33,"column":93}},"line":33}},"branchMap":{"0":{"loc":{"start":{"line":14,"column":4},"end":{"line":18,"column":5}},"type":"if","locations":[{"start":{"line":14,"column":4},"end":{"line":18,"column":5}},{"start":{"line":14,"column":4},"end":{"line":18,"column":5}}],"line":14},"1":{"loc":{"start":{"line":16,"column":11},"end":{"line":18,"column":5}},"type":"if","locations":[{"start":{"line":16,"column":11},"end":{"line":18,"column":5}},{"start":{"line":16,"column":11},"end":{"line":18,"column":5}}],"line":16}},"s":{"0":9,"1":2,"2":1,"3":1,"4":1,"5":0,"6":2,"7":0},"f":{"0":2,"1":0,"2":2,"3":0},"b":{"0":[1,1],"1":[1,0]},"_coverageSchema":"332fd63041d2c1bcb487cc26dd0d5f7d97098a6c","hash":"922a0c0c75dc5d74815c04f7d218a2d1d905fe8c"}
,"/Users/alexpelan/Documents/dev/non-cureatr/huarte-new/huarte/app/components/MediaWebView.js": {"path":"/Users/alexpelan/Documents/dev/non-cureatr/huarte-new/huarte/app/components/MediaWebView.js","statementMap":{"0":{"start":{"line":10,"column":21},"end":{"line":32,"column":2}},"1":{"start":{"line":13,"column":4},"end":{"line":19,"column":6}},"2":{"start":{"line":23,"column":4},"end":{"line":29,"column":6}}},"fnMap":{"0":{"name":"(anonymous_0)","decl":{"start":{"line":12,"column":11},"end":{"line":12,"column":12}},"loc":{"start":{"line":12,"column":22},"end":{"line":20,"column":3}},"line":12},"1":{"name":"(anonymous_1)","decl":{"start":{"line":22,"column":10},"end":{"line":22,"column":11}},"loc":{"start":{"line":22,"column":21},"end":{"line":30,"column":3}},"line":22}},"branchMap":{},"s":{"0":9,"1":0,"2":0},"f":{"0":0,"1":0},"b":{},"_coverageSchema":"332fd63041d2c1bcb487cc26dd0d5f7d97098a6c","hash":"19493e6573d9b0b08eb25140f35d1d496e892a5a"}
,"/Users/alexpelan/Documents/dev/non-cureatr/huarte-new/huarte/app/components/Question.js": {"path":"/Users/alexpelan/Documents/dev/non-cureatr/huarte-new/huarte/app/components/Question.js","statementMap":{"0":{"start":{"line":26,"column":18},"end":{"line":26,"column":45}},"1":{"start":{"line":27,"column":8},"end":{"line":27,"column":25}},"2":{"start":{"line":29,"column":17},"end":{"line":221,"column":2}},"3":{"start":{"line":31,"column":4},"end":{"line":33,"column":6}},"4":{"start":{"line":37,"column":34},"end":{"line":37,"column":74}},"5":{"start":{"line":38,"column":4},"end":{"line":42,"column":5}},"6":{"start":{"line":39,"column":6},"end":{"line":39,"column":37}},"7":{"start":{"line":41,"column":6},"end":{"line":41,"column":42}},"8":{"start":{"line":46,"column":22},"end":{"line":46,"column":26}},"9":{"start":{"line":48,"column":4},"end":{"line":55,"column":7}},"10":{"start":{"line":49,"column":6},"end":{"line":53,"column":9}},"11":{"start":{"line":50,"column":8},"end":{"line":52,"column":9}},"12":{"start":{"line":51,"column":10},"end":{"line":51,"column":30}},"13":{"start":{"line":57,"column":4},"end":{"line":59,"column":5}},"14":{"start":{"line":58,"column":6},"end":{"line":58,"column":80}},"15":{"start":{"line":64,"column":18},"end":{"line":64,"column":34}},"16":{"start":{"line":65,"column":27},"end":{"line":65,"column":31}},"17":{"start":{"line":66,"column":4},"end":{"line":66,"column":69}},"18":{"start":{"line":67,"column":16},"end":{"line":67,"column":62}},"19":{"start":{"line":68,"column":4},"end":{"line":68,"column":39}},"20":{"start":{"line":70,"column":4},"end":{"line":70,"column":39}},"21":{"start":{"line":72,"column":4},"end":{"line":76,"column":13}},"22":{"start":{"line":73,"column":6},"end":{"line":75,"column":7}},"23":{"start":{"line":74,"column":8},"end":{"line":74,"column":34}},"24":{"start":{"line":80,"column":4},"end":{"line":80,"column":43}},"25":{"start":{"line":81,"column":4},"end":{"line":81,"column":39}},"26":{"start":{"line":82,"column":4},"end":{"line":84,"column":13}},"27":{"start":{"line":83,"column":6},"end":{"line":83,"column":32}},"28":{"start":{"line":88,"column":4},"end":{"line":99,"column":5}},"29":{"start":{"line":89,"column":6},"end":{"line":89,"column":32}},"30":{"start":{"line":91,"column":6},"end":{"line":97,"column":26}},"31":{"start":{"line":97,"column":20},"end":{"line":97,"column":24}},"32":{"start":{"line":98,"column":6},"end":{"line":98,"column":46}},"33":{"start":{"line":103,"column":6},"end":{"line":108,"column":7}},"34":{"start":{"line":104,"column":8},"end":{"line":104,"column":37}},"35":{"start":{"line":107,"column":8},"end":{"line":107,"column":37}},"36":{"start":{"line":112,"column":15},"end":{"line":112,"column":44}},"37":{"start":{"line":113,"column":17},"end":{"line":113,"column":53}},"38":{"start":{"line":115,"column":21},"end":{"line":115,"column":26}},"39":{"start":{"line":116,"column":28},"end":{"line":116,"column":33}},"40":{"start":{"line":117,"column":4},"end":{"line":119,"column":5}},"41":{"start":{"line":118,"column":6},"end":{"line":118,"column":24}},"42":{"start":{"line":121,"column":23},"end":{"line":121,"column":40}},"43":{"start":{"line":122,"column":4},"end":{"line":131,"column":5}},"44":{"start":{"line":124,"column":6},"end":{"line":129,"column":9}},"45":{"start":{"line":125,"column":8},"end":{"line":128,"column":9}},"46":{"start":{"line":126,"column":10},"end":{"line":126,"column":28}},"47":{"start":{"line":127,"column":10},"end":{"line":127,"column":34}},"48":{"start":{"line":134,"column":22},"end":{"line":134,"column":51}},"49":{"start":{"line":137,"column":24},"end":{"line":137,"column":52}},"50":{"start":{"line":138,"column":4},"end":{"line":141,"column":5}},"51":{"start":{"line":139,"column":6},"end":{"line":139,"column":24}},"52":{"start":{"line":140,"column":6},"end":{"line":140,"column":31}},"53":{"start":{"line":143,"column":4},"end":{"line":143,"column":56}},"54":{"start":{"line":148,"column":4},"end":{"line":148,"column":49}},"55":{"start":{"line":157,"column":4},"end":{"line":157,"column":49}},"56":{"start":{"line":158,"column":4},"end":{"line":177,"column":5}},"57":{"start":{"line":159,"column":24},"end":{"line":159,"column":36}},"58":{"start":{"line":160,"column":6},"end":{"line":164,"column":7}},"59":{"start":{"line":161,"column":8},"end":{"line":161,"column":33}},"60":{"start":{"line":162,"column":13},"end":{"line":164,"column":7}},"61":{"start":{"line":163,"column":8},"end":{"line":163,"column":38}},"62":{"start":{"line":165,"column":8},"end":{"line":165,"column":131}},"63":{"start":{"line":167,"column":6},"end":{"line":171,"column":7}},"64":{"start":{"line":168,"column":8},"end":{"line":168,"column":70}},"65":{"start":{"line":170,"column":8},"end":{"line":170,"column":53}},"66":{"start":{"line":173,"column":6},"end":{"line":173,"column":139}},"67":{"start":{"line":173,"column":91},"end":{"line":173,"column":113}},"68":{"start":{"line":175,"column":9},"end":{"line":177,"column":5}},"69":{"start":{"line":176,"column":6},"end":{"line":176,"column":84}},"70":{"start":{"line":179,"column":4},"end":{"line":181,"column":5}},"71":{"start":{"line":180,"column":6},"end":{"line":180,"column":115}},"72":{"start":{"line":180,"column":83},"end":{"line":180,"column":102}},"73":{"start":{"line":183,"column":4},"end":{"line":185,"column":5}},"74":{"start":{"line":184,"column":6},"end":{"line":184,"column":56}},"75":{"start":{"line":187,"column":4},"end":{"line":219,"column":6}},"76":{"start":{"line":188,"column":47},"end":{"line":188,"column":64}},"77":{"start":{"line":197,"column":12},"end":{"line":200,"column":16}},"78":{"start":{"line":209,"column":36},"end":{"line":209,"column":57}},"79":{"start":{"line":210,"column":35},"end":{"line":210,"column":53}},"80":{"start":{"line":216,"column":81},"end":{"line":216,"column":115}}},"fnMap":{"0":{"name":"(anonymous_0)","decl":{"start":{"line":30,"column":19},"end":{"line":30,"column":20}},"loc":{"start":{"line":30,"column":30},"end":{"line":34,"column":3}},"line":30},"1":{"name":"(anonymous_1)","decl":{"start":{"line":36,"column":12},"end":{"line":36,"column":13}},"loc":{"start":{"line":36,"column":33},"end":{"line":43,"column":3}},"line":36},"2":{"name":"(anonymous_2)","decl":{"start":{"line":45,"column":31},"end":{"line":45,"column":32}},"loc":{"start":{"line":45,"column":42},"end":{"line":61,"column":3}},"line":45},"3":{"name":"(anonymous_3)","decl":{"start":{"line":48,"column":69},"end":{"line":48,"column":70}},"loc":{"start":{"line":48,"column":87},"end":{"line":55,"column":5}},"line":48},"4":{"name":"(anonymous_4)","decl":{"start":{"line":49,"column":29},"end":{"line":49,"column":30}},"loc":{"start":{"line":49,"column":43},"end":{"line":53,"column":7}},"line":49},"5":{"name":"(anonymous_5)","decl":{"start":{"line":63,"column":19},"end":{"line":63,"column":20}},"loc":{"start":{"line":63,"column":58},"end":{"line":77,"column":3}},"line":63},"6":{"name":"(anonymous_6)","decl":{"start":{"line":72,"column":15},"end":{"line":72,"column":16}},"loc":{"start":{"line":72,"column":21},"end":{"line":76,"column":5}},"line":72},"7":{"name":"(anonymous_7)","decl":{"start":{"line":79,"column":16},"end":{"line":79,"column":17}},"loc":{"start":{"line":79,"column":27},"end":{"line":85,"column":3}},"line":79},"8":{"name":"(anonymous_8)","decl":{"start":{"line":82,"column":15},"end":{"line":82,"column":16}},"loc":{"start":{"line":82,"column":21},"end":{"line":84,"column":5}},"line":82},"9":{"name":"(anonymous_9)","decl":{"start":{"line":87,"column":19},"end":{"line":87,"column":20}},"loc":{"start":{"line":87,"column":30},"end":{"line":100,"column":3}},"line":87},"10":{"name":"(anonymous_10)","decl":{"start":{"line":97,"column":14},"end":{"line":97,"column":15}},"loc":{"start":{"line":97,"column":20},"end":{"line":97,"column":24}},"line":97},"11":{"name":"(anonymous_11)","decl":{"start":{"line":102,"column":22},"end":{"line":102,"column":23}},"loc":{"start":{"line":102,"column":33},"end":{"line":109,"column":3}},"line":102},"12":{"name":"(anonymous_12)","decl":{"start":{"line":111,"column":15},"end":{"line":111,"column":16}},"loc":{"start":{"line":111,"column":26},"end":{"line":145,"column":3}},"line":111},"13":{"name":"(anonymous_13)","decl":{"start":{"line":124,"column":27},"end":{"line":124,"column":28}},"loc":{"start":{"line":124,"column":38},"end":{"line":129,"column":7}},"line":124},"14":{"name":"(anonymous_14)","decl":{"start":{"line":147,"column":20},"end":{"line":147,"column":21}},"loc":{"start":{"line":147,"column":42},"end":{"line":149,"column":3}},"line":147},"15":{"name":"(anonymous_15)","decl":{"start":{"line":151,"column":10},"end":{"line":151,"column":11}},"loc":{"start":{"line":151,"column":21},"end":{"line":220,"column":3}},"line":151},"16":{"name":"(anonymous_16)","decl":{"start":{"line":173,"column":85},"end":{"line":173,"column":86}},"loc":{"start":{"line":173,"column":91},"end":{"line":173,"column":113}},"line":173},"17":{"name":"(anonymous_17)","decl":{"start":{"line":180,"column":77},"end":{"line":180,"column":78}},"loc":{"start":{"line":180,"column":83},"end":{"line":180,"column":102}},"line":180},"18":{"name":"(anonymous_18)","decl":{"start":{"line":188,"column":41},"end":{"line":188,"column":42}},"loc":{"start":{"line":188,"column":47},"end":{"line":188,"column":64}},"line":188},"19":{"name":"(anonymous_19)","decl":{"start":{"line":196,"column":37},"end":{"line":196,"column":38}},"loc":{"start":{"line":196,"column":52},"end":{"line":201,"column":11}},"line":196},"20":{"name":"(anonymous_20)","decl":{"start":{"line":209,"column":26},"end":{"line":209,"column":27}},"loc":{"start":{"line":209,"column":36},"end":{"line":209,"column":57}},"line":209},"21":{"name":"(anonymous_21)","decl":{"start":{"line":210,"column":29},"end":{"line":210,"column":30}},"loc":{"start":{"line":210,"column":35},"end":{"line":210,"column":53}},"line":210},"22":{"name":"(anonymous_22)","decl":{"start":{"line":216,"column":64},"end":{"line":216,"column":65}},"loc":{"start":{"line":216,"column":81},"end":{"line":216,"column":115}},"line":216}},"branchMap":{"0":{"loc":{"start":{"line":38,"column":4},"end":{"line":42,"column":5}},"type":"if","locations":[{"start":{"line":38,"column":4},"end":{"line":42,"column":5}},{"start":{"line":38,"column":4},"end":{"line":42,"column":5}}],"line":38},"1":{"loc":{"start":{"line":50,"column":8},"end":{"line":52,"column":9}},"type":"if","locations":[{"start":{"line":50,"column":8},"end":{"line":52,"column":9}},{"start":{"line":50,"column":8},"end":{"line":52,"column":9}}],"line":50},"2":{"loc":{"start":{"line":57,"column":4},"end":{"line":59,"column":5}},"type":"if","locations":[{"start":{"line":57,"column":4},"end":{"line":59,"column":5}},{"start":{"line":57,"column":4},"end":{"line":59,"column":5}}],"line":57},"3":{"loc":{"start":{"line":67,"column":30},"end":{"line":67,"column":61}},"type":"binary-expr","locations":[{"start":{"line":67,"column":30},"end":{"line":67,"column":40}},{"start":{"line":67,"column":44},"end":{"line":67,"column":61}}],"line":67},"4":{"loc":{"start":{"line":73,"column":6},"end":{"line":75,"column":7}},"type":"if","locations":[{"start":{"line":73,"column":6},"end":{"line":75,"column":7}},{"start":{"line":73,"column":6},"end":{"line":75,"column":7}}],"line":73},"5":{"loc":{"start":{"line":88,"column":4},"end":{"line":99,"column":5}},"type":"if","locations":[{"start":{"line":88,"column":4},"end":{"line":99,"column":5}},{"start":{"line":88,"column":4},"end":{"line":99,"column":5}}],"line":88},"6":{"loc":{"start":{"line":103,"column":6},"end":{"line":108,"column":7}},"type":"if","locations":[{"start":{"line":103,"column":6},"end":{"line":108,"column":7}},{"start":{"line":103,"column":6},"end":{"line":108,"column":7}}],"line":103},"7":{"loc":{"start":{"line":117,"column":4},"end":{"line":119,"column":5}},"type":"if","locations":[{"start":{"line":117,"column":4},"end":{"line":119,"column":5}},{"start":{"line":117,"column":4},"end":{"line":119,"column":5}}],"line":117},"8":{"loc":{"start":{"line":122,"column":4},"end":{"line":131,"column":5}},"type":"if","locations":[{"start":{"line":122,"column":4},"end":{"line":131,"column":5}},{"start":{"line":122,"column":4},"end":{"line":131,"column":5}}],"line":122},"9":{"loc":{"start":{"line":122,"column":8},"end":{"line":122,"column":46}},"type":"binary-expr","locations":[{"start":{"line":122,"column":8},"end":{"line":122,"column":31}},{"start":{"line":122,"column":35},"end":{"line":122,"column":46}}],"line":122},"10":{"loc":{"start":{"line":125,"column":8},"end":{"line":128,"column":9}},"type":"if","locations":[{"start":{"line":125,"column":8},"end":{"line":128,"column":9}},{"start":{"line":125,"column":8},"end":{"line":128,"column":9}}],"line":125},"11":{"loc":{"start":{"line":138,"column":4},"end":{"line":141,"column":5}},"type":"if","locations":[{"start":{"line":138,"column":4},"end":{"line":141,"column":5}},{"start":{"line":138,"column":4},"end":{"line":141,"column":5}}],"line":138},"12":{"loc":{"start":{"line":138,"column":7},"end":{"line":138,"column":50}},"type":"binary-expr","locations":[{"start":{"line":138,"column":7},"end":{"line":138,"column":35}},{"start":{"line":138,"column":39},"end":{"line":138,"column":50}}],"line":138},"13":{"loc":{"start":{"line":158,"column":4},"end":{"line":177,"column":5}},"type":"if","locations":[{"start":{"line":158,"column":4},"end":{"line":177,"column":5}},{"start":{"line":158,"column":4},"end":{"line":177,"column":5}}],"line":158},"14":{"loc":{"start":{"line":160,"column":6},"end":{"line":164,"column":7}},"type":"if","locations":[{"start":{"line":160,"column":6},"end":{"line":164,"column":7}},{"start":{"line":160,"column":6},"end":{"line":164,"column":7}}],"line":160},"15":{"loc":{"start":{"line":160,"column":9},"end":{"line":160,"column":63}},"type":"binary-expr","locations":[{"start":{"line":160,"column":9},"end":{"line":160,"column":30}},{"start":{"line":160,"column":34},"end":{"line":160,"column":63}}],"line":160},"16":{"loc":{"start":{"line":162,"column":13},"end":{"line":164,"column":7}},"type":"if","locations":[{"start":{"line":162,"column":13},"end":{"line":164,"column":7}},{"start":{"line":162,"column":13},"end":{"line":164,"column":7}}],"line":162},"17":{"loc":{"start":{"line":162,"column":17},"end":{"line":162,"column":70}},"type":"binary-expr","locations":[{"start":{"line":162,"column":17},"end":{"line":162,"column":38}},{"start":{"line":162,"column":42},"end":{"line":162,"column":70}}],"line":162},"18":{"loc":{"start":{"line":167,"column":6},"end":{"line":171,"column":7}},"type":"if","locations":[{"start":{"line":167,"column":6},"end":{"line":171,"column":7}},{"start":{"line":167,"column":6},"end":{"line":171,"column":7}}],"line":167},"19":{"loc":{"start":{"line":175,"column":9},"end":{"line":177,"column":5}},"type":"if","locations":[{"start":{"line":175,"column":9},"end":{"line":177,"column":5}},{"start":{"line":175,"column":9},"end":{"line":177,"column":5}}],"line":175},"20":{"loc":{"start":{"line":179,"column":4},"end":{"line":181,"column":5}},"type":"if","locations":[{"start":{"line":179,"column":4},"end":{"line":181,"column":5}},{"start":{"line":179,"column":4},"end":{"line":181,"column":5}}],"line":179},"21":{"loc":{"start":{"line":179,"column":8},"end":{"line":179,"column":62}},"type":"binary-expr","locations":[{"start":{"line":179,"column":8},"end":{"line":179,"column":30}},{"start":{"line":179,"column":34},"end":{"line":179,"column":62}}],"line":179},"22":{"loc":{"start":{"line":183,"column":4},"end":{"line":185,"column":5}},"type":"if","locations":[{"start":{"line":183,"column":4},"end":{"line":185,"column":5}},{"start":{"line":183,"column":4},"end":{"line":185,"column":5}}],"line":183}},"s":{"0":8,"1":8,"2":8,"3":1,"4":0,"5":0,"6":0,"7":0,"8":0,"9":0,"10":0,"11":0,"12":0,"13":0,"14":0,"15":0,"16":0,"17":0,"18":0,"19":0,"20":0,"21":0,"22":0,"23":0,"24":0,"25":0,"26":0,"27":0,"28":0,"29":0,"30":0,"31":0,"32":0,"33":0,"34":0,"35":0,"36":0,"37":0,"38":0,"39":0,"40":0,"41":0,"42":0,"43":0,"44":0,"45":0,"46":0,"47":0,"48":0,"49":0,"50":0,"51":0,"52":0,"53":0,"54":0,"55":1,"56":1,"57":0,"58":0,"59":0,"60":0,"61":0,"62":0,"63":0,"64":0,"65":0,"66":0,"67":0,"68":1,"69":0,"70":1,"71":0,"72":0,"73":1,"74":1,"75":1,"76":0,"77":0,"78":0,"79":0,"80":0},"f":{"0":1,"1":0,"2":0,"3":0,"4":0,"5":0,"6":0,"7":0,"8":0,"9":0,"10":0,"11":0,"12":0,"13":0,"14":0,"15":1,"16":0,"17":0,"18":0,"19":0,"20":0,"21":0,"22":0},"b":{"0":[0,0],"1":[0,0],"2":[0,0],"3":[0,0],"4":[0,0],"5":[0,0],"6":[0,0],"7":[0,0],"8":[0,0],"9":[0,0],"10":[0,0],"11":[0,0],"12":[0,0],"13":[0,1],"14":[0,0],"15":[0,0],"16":[0,0],"17":[0,0],"18":[0,0],"19":[0,1],"20":[0,1],"21":[1,0],"22":[1,0]},"_coverageSchema":"332fd63041d2c1bcb487cc26dd0d5f7d97098a6c","hash":"b6828ee91e0379b67d2ed97666c95d9d19a996cf"}
,"/Users/alexpelan/Documents/dev/non-cureatr/huarte-new/huarte/app/components/SeasonList.js": {"path":"/Users/alexpelan/Documents/dev/non-cureatr/huarte-new/huarte/app/components/SeasonList.js","statementMap":{"0":{"start":{"line":18,"column":19},"end":{"line":81,"column":2}},"1":{"start":{"line":20,"column":21},"end":{"line":22,"column":6}},"2":{"start":{"line":21,"column":39},"end":{"line":21,"column":52}},"3":{"start":{"line":23,"column":4},"end":{"line":25,"column":6}},"4":{"start":{"line":29,"column":18},"end":{"line":29,"column":34}},"5":{"start":{"line":30,"column":4},"end":{"line":37,"column":7}},"6":{"start":{"line":31,"column":18},"end":{"line":31,"column":34}},"7":{"start":{"line":32,"column":6},"end":{"line":36,"column":7}},"8":{"start":{"line":33,"column":8},"end":{"line":35,"column":11}},"9":{"start":{"line":38,"column":4},"end":{"line":38,"column":40}},"10":{"start":{"line":42,"column":4},"end":{"line":42,"column":23}},"11":{"start":{"line":46,"column":18},"end":{"line":46,"column":34}},"12":{"start":{"line":47,"column":4},"end":{"line":54,"column":7}},"13":{"start":{"line":58,"column":4},"end":{"line":58,"column":43}},"14":{"start":{"line":59,"column":4},"end":{"line":63,"column":5}},"15":{"start":{"line":60,"column":6},"end":{"line":62,"column":8}},"16":{"start":{"line":64,"column":4},"end":{"line":70,"column":5}},"17":{"start":{"line":67,"column":42},"end":{"line":67,"column":67}},"18":{"start":{"line":74,"column":4},"end":{"line":79,"column":6}},"19":{"start":{"line":76,"column":23},"end":{"line":76,"column":48}}},"fnMap":{"0":{"name":"(anonymous_0)","decl":{"start":{"line":19,"column":20},"end":{"line":19,"column":21}},"loc":{"start":{"line":19,"column":31},"end":{"line":26,"column":3}},"line":19},"1":{"name":"(anonymous_1)","decl":{"start":{"line":21,"column":23},"end":{"line":21,"column":24}},"loc":{"start":{"line":21,"column":39},"end":{"line":21,"column":52}},"line":21},"2":{"name":"(anonymous_2)","decl":{"start":{"line":28,"column":21},"end":{"line":28,"column":22}},"loc":{"start":{"line":28,"column":32},"end":{"line":39,"column":3}},"line":28},"3":{"name":"(anonymous_3)","decl":{"start":{"line":30,"column":39},"end":{"line":30,"column":40}},"loc":{"start":{"line":30,"column":45},"end":{"line":37,"column":5}},"line":30},"4":{"name":"(anonymous_4)","decl":{"start":{"line":41,"column":24},"end":{"line":41,"column":25}},"loc":{"start":{"line":41,"column":35},"end":{"line":43,"column":3}},"line":41},"5":{"name":"(anonymous_5)","decl":{"start":{"line":45,"column":16},"end":{"line":45,"column":17}},"loc":{"start":{"line":45,"column":33},"end":{"line":55,"column":3}},"line":45},"6":{"name":"(anonymous_6)","decl":{"start":{"line":57,"column":10},"end":{"line":57,"column":11}},"loc":{"start":{"line":57,"column":21},"end":{"line":71,"column":3}},"line":57},"7":{"name":"(anonymous_7)","decl":{"start":{"line":67,"column":19},"end":{"line":67,"column":20}},"loc":{"start":{"line":67,"column":42},"end":{"line":67,"column":67}},"line":67},"8":{"name":"(anonymous_8)","decl":{"start":{"line":73,"column":16},"end":{"line":73,"column":17}},"loc":{"start":{"line":73,"column":33},"end":{"line":80,"column":3}},"line":73},"9":{"name":"(anonymous_9)","decl":{"start":{"line":76,"column":17},"end":{"line":76,"column":18}},"loc":{"start":{"line":76,"column":23},"end":{"line":76,"column":48}},"line":76}},"branchMap":{"0":{"loc":{"start":{"line":32,"column":6},"end":{"line":36,"column":7}},"type":"if","locations":[{"start":{"line":32,"column":6},"end":{"line":36,"column":7}},{"start":{"line":32,"column":6},"end":{"line":36,"column":7}}],"line":32},"1":{"loc":{"start":{"line":59,"column":4},"end":{"line":63,"column":5}},"type":"if","locations":[{"start":{"line":59,"column":4},"end":{"line":63,"column":5}},{"start":{"line":59,"column":4},"end":{"line":63,"column":5}}],"line":59}},"s":{"0":2,"1":2,"2":0,"3":2,"4":2,"5":2,"6":2,"7":2,"8":1,"9":2,"10":0,"11":0,"12":0,"13":3,"14":3,"15":1,"16":2,"17":5,"18":5,"19":0},"f":{"0":2,"1":0,"2":2,"3":2,"4":0,"5":0,"6":3,"7":5,"8":5,"9":0},"b":{"0":[1,1],"1":[1,2]},"_coverageSchema":"332fd63041d2c1bcb487cc26dd0d5f7d97098a6c","hash":"8ce8b59b5d727645958cab2b7b78898273ad8ca3"}
,"/Users/alexpelan/Documents/dev/non-cureatr/huarte-new/huarte/app/components/SimpleMessage.js": {"path":"/Users/alexpelan/Documents/dev/non-cureatr/huarte-new/huarte/app/components/SimpleMessage.js","statementMap":{"0":{"start":{"line":10,"column":22},"end":{"line":26,"column":2}},"1":{"start":{"line":12,"column":4},"end":{"line":14,"column":6}},"2":{"start":{"line":18,"column":4},"end":{"line":24,"column":6}}},"fnMap":{"0":{"name":"(anonymous_0)","decl":{"start":{"line":11,"column":19},"end":{"line":11,"column":20}},"loc":{"start":{"line":11,"column":30},"end":{"line":15,"column":3}},"line":11},"1":{"name":"(anonymous_1)","decl":{"start":{"line":17,"column":10},"end":{"line":17,"column":11}},"loc":{"start":{"line":17,"column":21},"end":{"line":25,"column":3}},"line":17}},"branchMap":{},"s":{"0":11,"1":11,"2":5},"f":{"0":11,"1":5},"b":{},"_coverageSchema":"332fd63041d2c1bcb487cc26dd0d5f7d97098a6c","hash":"3724aa5bfac3d281397d00ff0bb8d8faee1772ef"}
,"/Users/alexpelan/Documents/dev/non-cureatr/huarte-new/huarte/app/components/Statistics.js": {"path":"/Users/alexpelan/Documents/dev/non-cureatr/huarte-new/huarte/app/components/Statistics.js","statementMap":{"0":{"start":{"line":15,"column":27},"end":{"line":40,"column":1}},"1":{"start":{"line":42,"column":19},"end":{"line":93,"column":2}},"2":{"start":{"line":44,"column":4},"end":{"line":47,"column":6}},"3":{"start":{"line":51,"column":4},"end":{"line":71,"column":6}},"4":{"start":{"line":52,"column":6},"end":{"line":52,"column":57}},"5":{"start":{"line":53,"column":6},"end":{"line":65,"column":9}},"6":{"start":{"line":54,"column":8},"end":{"line":56,"column":9}},"7":{"start":{"line":55,"column":10},"end":{"line":55,"column":22}},"8":{"start":{"line":58,"column":8},"end":{"line":63,"column":9}},"9":{"start":{"line":59,"column":26},"end":{"line":59,"column":57}},"10":{"start":{"line":60,"column":10},"end":{"line":62,"column":11}},"11":{"start":{"line":61,"column":12},"end":{"line":61,"column":40}},"12":{"start":{"line":66,"column":6},"end":{"line":66,"column":41}},"13":{"start":{"line":67,"column":6},"end":{"line":70,"column":9}},"14":{"start":{"line":75,"column":4},"end":{"line":75,"column":43}},"15":{"start":{"line":76,"column":4},"end":{"line":80,"column":5}},"16":{"start":{"line":77,"column":6},"end":{"line":79,"column":8}},"17":{"start":{"line":82,"column":4},"end":{"line":91,"column":7}},"18":{"start":{"line":86,"column":10},"end":{"line":88,"column":14}}},"fnMap":{"0":{"name":"(anonymous_0)","decl":{"start":{"line":43,"column":19},"end":{"line":43,"column":20}},"loc":{"start":{"line":43,"column":30},"end":{"line":48,"column":3}},"line":43},"1":{"name":"(anonymous_1)","decl":{"start":{"line":50,"column":21},"end":{"line":50,"column":22}},"loc":{"start":{"line":50,"column":32},"end":{"line":72,"column":3}},"line":50},"2":{"name":"(anonymous_2)","decl":{"start":{"line":51,"column":32},"end":{"line":51,"column":33}},"loc":{"start":{"line":51,"column":48},"end":{"line":71,"column":5}},"line":51},"3":{"name":"(anonymous_3)","decl":{"start":{"line":53,"column":25},"end":{"line":53,"column":26}},"loc":{"start":{"line":53,"column":35},"end":{"line":65,"column":7}},"line":53},"4":{"name":"(anonymous_4)","decl":{"start":{"line":74,"column":10},"end":{"line":74,"column":11}},"loc":{"start":{"line":74,"column":21},"end":{"line":92,"column":3}},"line":74},"5":{"name":"(anonymous_5)","decl":{"start":{"line":85,"column":35},"end":{"line":85,"column":36}},"loc":{"start":{"line":85,"column":50},"end":{"line":89,"column":9}},"line":85}},"branchMap":{"0":{"loc":{"start":{"line":54,"column":8},"end":{"line":56,"column":9}},"type":"if","locations":[{"start":{"line":54,"column":8},"end":{"line":56,"column":9}},{"start":{"line":54,"column":8},"end":{"line":56,"column":9}}],"line":54},"1":{"loc":{"start":{"line":58,"column":8},"end":{"line":63,"column":9}},"type":"if","locations":[{"start":{"line":58,"column":8},"end":{"line":63,"column":9}},{"start":{"line":58,"column":8},"end":{"line":63,"column":9}}],"line":58},"2":{"loc":{"start":{"line":60,"column":10},"end":{"line":62,"column":11}},"type":"if","locations":[{"start":{"line":60,"column":10},"end":{"line":62,"column":11}},{"start":{"line":60,"column":10},"end":{"line":62,"column":11}}],"line":60},"3":{"loc":{"start":{"line":76,"column":4},"end":{"line":80,"column":5}},"type":"if","locations":[{"start":{"line":76,"column":4},"end":{"line":80,"column":5}},{"start":{"line":76,"column":4},"end":{"line":80,"column":5}}],"line":76}},"s":{"0":2,"1":2,"2":1,"3":1,"4":1,"5":1,"6":7,"7":7,"8":7,"9":0,"10":0,"11":0,"12":1,"13":1,"14":2,"15":2,"16":1,"17":1,"18":7},"f":{"0":1,"1":1,"2":1,"3":7,"4":2,"5":7},"b":{"0":[7,0],"1":[0,7],"2":[0,0],"3":[1,1]},"_coverageSchema":"332fd63041d2c1bcb487cc26dd0d5f7d97098a6c","hash":"b294c1905b39370046c9fe2ff025bc78eaffe7c5"}
,"/Users/alexpelan/Documents/dev/non-cureatr/huarte-new/huarte/app/reducers/huarteApp.js": {"path":"/Users/alexpelan/Documents/dev/non-cureatr/huarte-new/huarte/app/reducers/huarteApp.js","statementMap":{"0":{"start":{"line":3,"column":19},"end":{"line":13,"column":1}},"1":{"start":{"line":17,"column":2},"end":{"line":116,"column":3}},"2":{"start":{"line":19,"column":6},"end":{"line":19,"column":42}},"3":{"start":{"line":20,"column":6},"end":{"line":20,"column":22}},"4":{"start":{"line":22,"column":6},"end":{"line":22,"column":41}},"5":{"start":{"line":23,"column":6},"end":{"line":23,"column":68}},"6":{"start":{"line":24,"column":6},"end":{"line":24,"column":82}},"7":{"start":{"line":25,"column":6},"end":{"line":25,"column":80}},"8":{"start":{"line":26,"column":6},"end":{"line":26,"column":62}},"9":{"start":{"line":27,"column":6},"end":{"line":27,"column":46}},"10":{"start":{"line":28,"column":6},"end":{"line":28,"column":54}},"11":{"start":{"line":29,"column":6},"end":{"line":29,"column":56}},"12":{"start":{"line":30,"column":6},"end":{"line":30,"column":50}},"13":{"start":{"line":31,"column":6},"end":{"line":31,"column":67}},"14":{"start":{"line":32,"column":6},"end":{"line":32,"column":22}},"15":{"start":{"line":34,"column":6},"end":{"line":34,"column":42}},"16":{"start":{"line":35,"column":6},"end":{"line":35,"column":55}},"17":{"start":{"line":36,"column":6},"end":{"line":36,"column":22}},"18":{"start":{"line":38,"column":6},"end":{"line":38,"column":42}},"19":{"start":{"line":39,"column":6},"end":{"line":39,"column":22}},"20":{"start":{"line":41,"column":6},"end":{"line":41,"column":42}},"21":{"start":{"line":42,"column":6},"end":{"line":42,"column":40}},"22":{"start":{"line":43,"column":6},"end":{"line":43,"column":36}},"23":{"start":{"line":44,"column":6},"end":{"line":44,"column":53}},"24":{"start":{"line":45,"column":6},"end":{"line":45,"column":22}},"25":{"start":{"line":47,"column":6},"end":{"line":47,"column":42}},"26":{"start":{"line":48,"column":6},"end":{"line":48,"column":22}},"27":{"start":{"line":50,"column":6},"end":{"line":50,"column":42}},"28":{"start":{"line":51,"column":29},"end":{"line":53,"column":8}},"29":{"start":{"line":52,"column":8},"end":{"line":52,"column":51}},"30":{"start":{"line":54,"column":6},"end":{"line":57,"column":9}},"31":{"start":{"line":55,"column":8},"end":{"line":55,"column":54}},"32":{"start":{"line":56,"column":8},"end":{"line":56,"column":42}},"33":{"start":{"line":58,"column":6},"end":{"line":58,"column":40}},"34":{"start":{"line":59,"column":6},"end":{"line":59,"column":52}},"35":{"start":{"line":60,"column":6},"end":{"line":60,"column":22}},"36":{"start":{"line":62,"column":6},"end":{"line":62,"column":42}},"37":{"start":{"line":63,"column":6},"end":{"line":63,"column":132}},"38":{"start":{"line":65,"column":31},"end":{"line":65,"column":113}},"39":{"start":{"line":66,"column":32},"end":{"line":66,"column":36}},"40":{"start":{"line":67,"column":6},"end":{"line":71,"column":9}},"41":{"start":{"line":68,"column":8},"end":{"line":70,"column":9}},"42":{"start":{"line":69,"column":10},"end":{"line":69,"column":38}},"43":{"start":{"line":73,"column":6},"end":{"line":75,"column":7}},"44":{"start":{"line":74,"column":8},"end":{"line":74,"column":110}},"45":{"start":{"line":77,"column":6},"end":{"line":77,"column":22}},"46":{"start":{"line":79,"column":6},"end":{"line":79,"column":42}},"47":{"start":{"line":80,"column":23},"end":{"line":80,"column":28}},"48":{"start":{"line":81,"column":6},"end":{"line":83,"column":7}},"49":{"start":{"line":82,"column":8},"end":{"line":82,"column":26}},"50":{"start":{"line":85,"column":6},"end":{"line":85,"column":54}},"51":{"start":{"line":87,"column":25},"end":{"line":87,"column":63}},"52":{"start":{"line":88,"column":6},"end":{"line":88,"column":78}},"53":{"start":{"line":90,"column":6},"end":{"line":94,"column":7}},"54":{"start":{"line":91,"column":8},"end":{"line":91,"column":114}},"55":{"start":{"line":93,"column":8},"end":{"line":93,"column":118}},"56":{"start":{"line":95,"column":6},"end":{"line":95,"column":22}},"57":{"start":{"line":97,"column":6},"end":{"line":97,"column":42}},"58":{"start":{"line":98,"column":6},"end":{"line":98,"column":74}},"59":{"start":{"line":99,"column":6},"end":{"line":99,"column":22}},"60":{"start":{"line":101,"column":6},"end":{"line":101,"column":42}},"61":{"start":{"line":102,"column":6},"end":{"line":102,"column":96}},"62":{"start":{"line":103,"column":6},"end":{"line":103,"column":22}},"63":{"start":{"line":105,"column":6},"end":{"line":105,"column":42}},"64":{"start":{"line":106,"column":6},"end":{"line":106,"column":36}},"65":{"start":{"line":107,"column":6},"end":{"line":107,"column":46}},"66":{"start":{"line":108,"column":6},"end":{"line":108,"column":22}},"67":{"start":{"line":110,"column":6},"end":{"line":110,"column":42}},"68":{"start":{"line":111,"column":6},"end":{"line":111,"column":37}},"69":{"start":{"line":112,"column":6},"end":{"line":112,"column":36}},"70":{"start":{"line":113,"column":6},"end":{"line":113,"column":22}},"71":{"start":{"line":115,"column":6},"end":{"line":115,"column":19}}},"fnMap":{"0":{"name":"huarteApp","decl":{"start":{"line":15,"column":9},"end":{"line":15,"column":18}},"loc":{"start":{"line":15,"column":49},"end":{"line":118,"column":1}},"line":15},"1":{"name":"(anonymous_1)","decl":{"start":{"line":51,"column":51},"end":{"line":51,"column":52}},"loc":{"start":{"line":51,"column":63},"end":{"line":53,"column":7}},"line":51},"2":{"name":"(anonymous_2)","decl":{"start":{"line":54,"column":40},"end":{"line":54,"column":41}},"loc":{"start":{"line":54,"column":52},"end":{"line":57,"column":7}},"line":54},"3":{"name":"(anonymous_3)","decl":{"start":{"line":67,"column":37},"end":{"line":67,"column":38}},"loc":{"start":{"line":67,"column":47},"end":{"line":71,"column":7}},"line":67}},"branchMap":{"0":{"loc":{"start":{"line":15,"column":19},"end":{"line":15,"column":39}},"type":"default-arg","locations":[{"start":{"line":15,"column":27},"end":{"line":15,"column":39}}],"line":15},"1":{"loc":{"start":{"line":17,"column":2},"end":{"line":116,"column":3}},"type":"switch","locations":[{"start":{"line":18,"column":4},"end":{"line":20,"column":22}},{"start":{"line":21,"column":4},"end":{"line":32,"column":22}},{"start":{"line":33,"column":4},"end":{"line":36,"column":22}},{"start":{"line":37,"column":4},"end":{"line":39,"column":22}},{"start":{"line":40,"column":4},"end":{"line":45,"column":22}},{"start":{"line":46,"column":4},"end":{"line":48,"column":22}},{"start":{"line":49,"column":4},"end":{"line":60,"column":22}},{"start":{"line":61,"column":4},"end":{"line":77,"column":22}},{"start":{"line":78,"column":4},"end":{"line":95,"column":22}},{"start":{"line":96,"column":4},"end":{"line":99,"column":22}},{"start":{"line":100,"column":4},"end":{"line":103,"column":22}},{"start":{"line":104,"column":4},"end":{"line":108,"column":22}},{"start":{"line":109,"column":4},"end":{"line":113,"column":22}},{"start":{"line":114,"column":4},"end":{"line":115,"column":19}}],"line":17},"2":{"loc":{"start":{"line":68,"column":8},"end":{"line":70,"column":9}},"type":"if","locations":[{"start":{"line":68,"column":8},"end":{"line":70,"column":9}},{"start":{"line":68,"column":8},"end":{"line":70,"column":9}}],"line":68},"3":{"loc":{"start":{"line":73,"column":6},"end":{"line":75,"column":7}},"type":"if","locations":[{"start":{"line":73,"column":6},"end":{"line":75,"column":7}},{"start":{"line":73,"column":6},"end":{"line":75,"column":7}}],"line":73},"4":{"loc":{"start":{"line":81,"column":6},"end":{"line":83,"column":7}},"type":"if","locations":[{"start":{"line":81,"column":6},"end":{"line":83,"column":7}},{"start":{"line":81,"column":6},"end":{"line":83,"column":7}}],"line":81},"5":{"loc":{"start":{"line":90,"column":6},"end":{"line":94,"column":7}},"type":"if","locations":[{"start":{"line":90,"column":6},"end":{"line":94,"column":7}},{"start":{"line":90,"column":6},"end":{"line":94,"column":7}}],"line":90}},"s":{"0":7,"1":43,"2":1,"3":1,"4":5,"5":5,"6":5,"7":5,"8":5,"9":5,"10":5,"11":5,"12":5,"13":5,"14":5,"15":6,"16":6,"17":6,"18":1,"19":1,"20":9,"21":9,"22":9,"23":9,"24":9,"25":1,"26":1,"27":7,"28":7,"29":35,"30":7,"31":847,"32":847,"33":7,"34":7,"35":7,"36":0,"37":0,"38":0,"39":0,"40":0,"41":0,"42":0,"43":0,"44":0,"45":0,"46":0,"47":0,"48":0,"49":0,"50":0,"51":0,"52":0,"53":0,"54":0,"55":0,
[...]
"column":38}},"13":{"start":{"line":31,"column":2},"end":{"line":31,"column":18}},"14":{"start":{"line":35,"column":12},"end":{"line":48,"column":1}},"15":{"start":{"line":37,"column":2},"end":{"line":37,"column":77}},"16":{"start":{"line":41,"column":2},"end":{"line":41,"column":64}},"17":{"start":{"line":45,"column":2},"end":{"line":45,"column":70}}},"fnMap":{"0":{"name":"(anonymous_0)","decl":{"start":{"line":10,"column":10},"end":{"line":10,"column":11}},"loc":{"start":{"line":10,"column":31},"end":{"line":26,"column":2}},"line":10},"1":{"name":"(anonymous_1)","decl":{"start":{"line":15,"column":9},"end":{"line":15,"column":10}},"loc":{"start":{"line":15,"column":23},"end":{"line":20,"column":4}},"line":15},"2":{"name":"(anonymous_2)","decl":{"start":{"line":21,"column":10},"end":{"line":21,"column":11}},"loc":{"start":{"line":21,"column":24},"end":{"line":25,"column":4}},"line":21},"3":{"name":"(anonymous_3)","decl":{"start":{"line":28,"column":14},"end":{"line":28,"column":15}},"loc":{"start":{"line":28,"column":34},"end":{"line":32,"column":2}},"line":28},"4":{"name":"(anonymous_4)","decl":{"start":{"line":36,"column":16},"end":{"line":36,"column":17}},"loc":{"start":{"line":36,"column":42},"end":{"line":38,"column":2}},"line":36},"5":{"name":"(anonymous_5)","decl":{"start":{"line":40,"column":19},"end":{"line":40,"column":20}},"loc":{"start":{"line":40,"column":35},"end":{"line":42,"column":2}},"line":40},"6":{"name":"(anonymous_6)","decl":{"start":{"line":44,"column":12},"end":{"line":44,"column":13}},"loc":{"start":{"line":44,"column":36},"end":{"line":46,"column":2}},"line":44}},"branchMap":{"0":{"loc":{"start":{"line":16,"column":4},"end":{"line":18,"column":5}},"type":"if","locations":[{"start":{"line":16,"column":4},"end":{"line":18,"column":5}},{"start":{"line":16,"column":4},"end":{"line":18,"column":5}}],"line":16}},"s":{"0":9,"1":9,"2":0,"3":0,"4":0,"5":0,"6":0,"7":0,"8":0,"9":0,"10":0,"11":0,"12":0,"13":0,"14":9,"15":0,"16":0,"17":0},"f":{"0":0,"1":0,"2":0,"3":0,"4":0,"5":0,"6":0},"b":{"0":[0,0]},"_coverageSchema":"332fd63041d2c1bcb487cc26dd0d5f7d97098a6c","hash":"8c1ca01b73f1ab2f52c540397d5899ec0e592c25"}
,"/Users/alexpelan/Documents/dev/non-cureatr/huarte-new/huarte/app/util/Common.js": {"path":"/Users/alexpelan/Documents/dev/non-cureatr/huarte-new/huarte/app/util/Common.js","statementMap":{"0":{"start":{"line":5,"column":15},"end":{"line":45,"column":1}},"1":{"start":{"line":7,"column":4},"end":{"line":7,"column":60}},"2":{"start":{"line":8,"column":4},"end":{"line":12,"column":5}},"3":{"start":{"line":9,"column":6},"end":{"line":9,"column":57}},"4":{"start":{"line":11,"column":6},"end":{"line":11,"column":59}},"5":{"start":{"line":16,"column":4},"end":{"line":16,"column":57}},"6":{"start":{"line":17,"column":4},"end":{"line":17,"column":81}},"7":{"start":{"line":18,"column":4},"end":{"line":18,"column":88}},"8":{"start":{"line":19,"column":4},"end":{"line":19,"column":92}},"9":{"start":{"line":23,"column":4},"end":{"line":23,"column":40}},"10":{"start":{"line":24,"column":4},"end":{"line":25,"column":103}},"11":{"start":{"line":30,"column":4},"end":{"line":43,"column":14}},"12":{"start":{"line":32,"column":6},"end":{"line":36,"column":7}},"13":{"start":{"line":33,"column":8},"end":{"line":33,"column":18}},"14":{"start":{"line":35,"column":8},"end":{"line":35,"column":32}},"15":{"start":{"line":38,"column":6},"end":{"line":38,"column":28}},"16":{"start":{"line":39,"column":6},"end":{"line":39,"column":31}},"17":{"start":{"line":41,"column":6},"end":{"line":41,"column":39}}},"fnMap":{"0":{"name":"(anonymous_0)","decl":{"start":{"line":6,"column":18},"end":{"line":6,"column":19}},"loc":{"start":{"line":6,"column":46},"end":{"line":13,"column":3}},"line":6},"1":{"name":"(anonymous_1)","decl":{"start":{"line":15,"column":28},"end":{"line":15,"column":29}},"loc":{"start":{"line":15,"column":43},"end":{"line":20,"column":3}},"line":15},"2":{"name":"(anonymous_2)","decl":{"start":{"line":22,"column":17},"end":{"line":22,"column":18}},"loc":{"start":{"line":22,"column":28},"end":{"line":26,"column":3}},"line":22},"3":{"name":"(anonymous_3)","decl":{"start":{"line":29,"column":29},"end":{"line":29,"column":30}},"loc":{"start":{"line":29,"column":50},"end":{"line":44,"column":3}},"line":29},"4":{"name":"(anonymous_4)","decl":{"start":{"line":30,"column":35},"end":{"line":30,"column":36}},"loc":{"start":{"line":30,"column":46},"end":{"line":43,"column":5}},"line":30}},"branchMap":{"0":{"loc":{"start":{"line":8,"column":4},"end":{"line":12,"column":5}},"type":"if","locations":[{"start":{"line":8,"column":4},"end":{"line":12,"column":5}},{"start":{"line":8,"column":4},"end":{"line":12,"column":5}}],"line":8},"1":{"loc":{"start":{"line":32,"column":6},"end":{"line":36,"column":7}},"type":"if","locations":[{"start":{"line":32,"column":6},"end":{"line":36,"column":7}},{"start":{"line":32,"column":6},"end":{"line":36,"column":7}}],"line":32}},"s":{"0":9,"1":0,"2":0,"3":0,"4":0,"5":0,"6":0,"7":0,"8":0,"9":1,"10":1,"11":0,"12":0,"13":0,"14":0,"15":0,"16":0,"17":0},"f":{"0":0,"1":0,"2":1,"3":0,"4":0},"b":{"0":[0,0],"1":[0,0]},"_coverageSchema":"332fd63041d2c1bcb487cc26dd0d5f7d97098a6c","hash":"76a835d3eaeec8571bf3654fc765b3ed3e84cfba"}
,"/Users/alexpelan/Documents/dev/non-cureatr/huarte-new/huarte/app/util/Consts.js": {"path":"/Users/alexpelan/Documents/dev/non-cureatr/huarte-new/huarte/app/util/Consts.js","statementMap":{"0":{"start":{"line":1,"column":15},"end":{"line":1,"column":44}},"1":{"start":{"line":3,"column":15},"end":{"line":12,"column":1}}},"fnMap":{},"branchMap":{},"s":{"0":9,"1":9},"f":{},"b":{},"_coverageSchema":"332fd63041d2c1bcb487cc26dd0d5f7d97098a6c","hash":"8656d74e74a6656ee263956be0074da5e758dfe9"}
,"/Users/alexpelan/Documents/dev/non-cureatr/huarte-new/huarte/app/util/StateHelper.js": {"path":"/Users/alexpelan/Documents/dev/non-cureatr/huarte-new/huarte/app/util/StateHelper.js","statementMap":{"0":{"start":{"line":1,"column":20},"end":{"line":57,"column":1}},"1":{"start":{"line":4,"column":19},"end":{"line":6,"column":6}},"2":{"start":{"line":5,"column":6},"end":{"line":5,"column":42}},"3":{"start":{"line":7,"column":4},"end":{"line":7,"column":30}},"4":{"start":{"line":11,"column":21},"end":{"line":11,"column":23}},"5":{"start":{"line":12,"column":4},"end":{"line":14,"column":7}},"6":{"start":{"line":13,"column":6},"end":{"line":13,"column":53}},"7":{"start":{"line":15,"column":4},"end":{"line":15,"column":22}},"8":{"start":{"line":19,"column":15},"end":{"line":19,"column":17}},"9":{"start":{"line":20,"column":4},"end":{"line":24,"column":5}},"10":{"start":{"line":21,"column":21},"end":{"line":21,"column":34}},"11":{"start":{"line":22,"column":6},"end":{"line":22,"column":29}},"12":{"start":{"line":23,"column":6},"end":{"line":23,"column":26}},"13":{"start":{"line":25,"column":4},"end":{"line":27,"column":7}},"14":{"start":{"line":26,"column":6},"end":{"line":26,"column":25}},"15":{"start":{"line":31,"column":16},"end":{"line":31,"column":32}},"16":{"start":{"line":32,"column":4},"end":{"line":37,"column":5}},"17":{"start":{"line":33,"column":17},"end":{"line":33,"column":49}},"18":{"start":{"line":34,"column":6},"end":{"line":34,"column":18}},"19":{"start":{"line":36,"column":6},"end":{"line":36,"column":16}},"20":{"start":{"line":41,"column":15},"end":{"line":41,"column":41}},"21":{"start":{"line":42,"column":4},"end":{"line":42,"column":35}},"22":{"start":{"line":46,"column":4},"end":{"line":46,"column":83}},"23":{"start":{"line":46,"column":53},"end":{"line":46,"column":81}},"24":{"start":{"line":50,"column":4},"end":{"line":50,"column":48}},"25":{"start":{"line":54,"column":23},"end":{"line":54,"column":50}},"26":{"start":{"line":55,"column":4},"end":{"line":55,"column":44}}},"fnMap":{"0":{"name":"(anonymous_0)","decl":{"start":{"line":3,"column":18},"end":{"line":3,"column":19}},"loc":{"start":{"line":3,"column":45},"end":{"line":8,"column":3}},"line":3},"1":{"name":"(anonymous_1)","decl":{"start":{"line":4,"column":49},"end":{"line":4,"column":50}},"loc":{"start":{"line":4,"column":61},"end":{"line":6,"column":5}},"line":4},"2":{"name":"(anonymous_2)","decl":{"start":{"line":10,"column":17},"end":{"line":10,"column":18}},"loc":{"start":{"line":10,"column":54},"end":{"line":16,"column":3}},"line":10},"3":{"name":"(anonymous_3)","decl":{"start":{"line":12,"column":22},"end":{"line":12,"column":23}},"loc":{"start":{"line":12,"column":30},"end":{"line":14,"column":5}},"line":12},"4":{"name":"(anonymous_4)","decl":{"start":{"line":18,"column":35},"end":{"line":18,"column":36}},"loc":{"start":{"line":18,"column":49},"end":{"line":28,"column":3}},"line":18},"5":{"name":"(anonymous_5)","decl":{"start":{"line":25,"column":21},"end":{"line":25,"column":22}},"loc":{"start":{"line":25,"column":35},"end":{"line":27,"column":5}},"line":25},"6":{"name":"(anonymous_6)","decl":{"start":{"line":30,"column":18},"end":{"line":30,"column":19}},"loc":{"start":{"line":30,"column":34},"end":{"line":38,"column":3}},"line":30},"7":{"name":"(anonymous_7)","decl":{"start":{"line":40,"column":19},"end":{"line":40,"column":20}},"loc":{"start":{"line":40,"column":35},"end":{"line":43,"column":3}},"line":40},"8":{"name":"(anonymous_8)","decl":{"start":{"line":45,"column":17},"end":{"line":45,"column":18}},"loc":{"start":{"line":45,"column":43},"end":{"line":47,"column":3}},"line":45},"9":{"name":"(anonymous_9)","decl":{"start":{"line":46,"column":41},"end":{"line":46,"column":42}},"loc":{"start":{"line":46,"column":53},"end":{"line":46,"column":81}},"line":46},"10":{"name":"(anonymous_10)","decl":{"start":{"line":49,"column":16},"end":{"line":49,"column":17}},"loc":{"start":{"line":49,"column":47},"end":{"line":51,"column":3}},"line":49},"11":{"name":"(anonymous_11)","decl":{"start":{"line":53,"column":31},"end":{"line":53,"column":32}},"loc":{"start":{"line":53,"column":47},"end":{"line":56,"column":3}},"line":53}},"branchMap":{"0":{"loc":{"start":{"line":32,"column":4},"end":{"line":37,"column":5}},"type":"if","locations":[{"start":{"line":32,"column":4},"end":{"line":37,"column":5}},{"start":{"line":32,"column":4},"end":{"line":37,"column":5}}],"line":32}},"s":{"0":9,"1":7,"2":35,"3":7,"4":1,"5":1,"6":121,"7":1,"8":2,"9":2,"10":126,"11":126,"12":126,"13":2,"14":782,"15":14,"16":14,"17":14,"18":14,"19":0,"20":3,"21":3,"22":1,"23":5,"24":4,"25":1,"26":1},"f":{"0":7,"1":35,"2":1,"3":121,"4":2,"5":782,"6":14,"7":3,"8":1,"9":5,"10":4,"11":1},"b":{"0":[14,0]},"_coverageSchema":"332fd63041d2c1bcb487cc26dd0d5f7d97098a6c","hash":"9222a69ac43aa5df883ca159c78ecfd0c166003b"}
,"/Users/alexpelan/Documents/dev/non-cureatr/huarte-new/huarte/testHelpers/Factory.js": {"path":"/Users/alexpelan/Documents/dev/non-cureatr/huarte-new/huarte/testHelpers/Factory.js","statementMap":{"0":{"start":{"line":8,"column":2},"end":{"line":8,"column":66}},"1":{"start":{"line":12,"column":2},"end":{"line":549,"column":4}},"2":{"start":{"line":553,"column":2},"end":{"line":920,"column":4}},"3":{"start":{"line":924,"column":2},"end":{"line":963,"column":4}}},"fnMap":{"0":{"name":"(anonymous_0)","decl":{"start":{"line":7,"column":1},"end":{"line":7,"column":2}},"loc":{"start":{"line":7,"column":25},"end":{"line":9,"column":2}},"line":7},"1":{"name":"(anonymous_1)","decl":{"start":{"line":11,"column":1},"end":{"line":11,"column":2}},"loc":{"start":{"line":11,"column":15},"end":{"line":550,"column":2}},"line":11},"2":{"name":"(anonymous_2)","decl":{"start":{"line":552,"column":1},"end":{"line":552,"column":2}},"loc":{"start":{"line":552,"column":19},"end":{"line":921,"column":2}},"line":552},"3":{"name":"(anonymous_3)","decl":{"start":{"line":923,"column":1},"end":{"line":923,"column":2}},"loc":{"start":{"line":923,"column":21},"end":{"line":964,"column":2}},"line":923}},"branchMap":{},"s":{"0":10,"1":6,"2":7,"3":9},"f":{"0":10,"1":6,"2":7,"3":9},"b":{},"_coverageSchema":"332fd63041d2c1bcb487cc26dd0d5f7d97098a6c","hash":"61ba766aa83b24ce35d5a4838a1a05609a43a8d8"}
,"/Users/alexpelan/Documents/dev/non-cureatr/huarte-new/huarte/testHelpers/MockStorage.js": {"path":"/Users/alexpelan/Documents/dev/non-cureatr/huarte-new/huarte/testHelpers/MockStorage.js","statementMap":{"0":{"start":{"line":4,"column":4},"end":{"line":4,"column":30}},"1":{"start":{"line":8,"column":4},"end":{"line":12,"column":7}},"2":{"start":{"line":9,"column":6},"end":{"line":11,"column":50}},"3":{"start":{"line":16,"column":4},"end":{"line":20,"column":7}},"4":{"start":{"line":17,"column":6},"end":{"line":19,"column":24}},"5":{"start":{"line":24,"column":4},"end":{"line":28,"column":7}},"6":{"start":{"line":25,"column":6},"end":{"line":27,"column":31}},"7":{"start":{"line":32,"column":4},"end":{"line":36,"column":7}},"8":{"start":{"line":33,"column":6},"end":{"line":35,"column":33}},"9":{"start":{"line":40,"column":4},"end":{"line":40,"column":78}},"10":{"start":{"line":40,"column":45},"end":{"line":40,"column":76}},"11":{"start":{"line":44,"column":4},"end":{"line":44,"column":85}},"12":{"start":{"line":44,"column":44},"end":{"line":44,"column":83}},"13":{"start":{"line":48,"column":4},"end":{"line":48,"column":66}},"14":{"start":{"line":48,"column":41},"end":{"line":48,"column":63}}},"fnMap":{"0":{"name":"(anonymous_0)","decl":{"start":{"line":3,"column":2},"end":{"line":3,"column":3}},"loc":{"start":{"line":3,"column":26},"end":{"line":5,"column":3}},"line":3},"1":{"name":"(anonymous_1)","decl":{"start":{"line":7,"column":20},"end":{"line":7,"column":21}},"loc":{"start":{"line":7,"column":36},"end":{"line":13,"column":3}},"line":7},"2":{"name":"(anonymous_2)","decl":{"start":{"line":8,"column":23},"end":{"line":8,"column":24}},"loc":{"start":{"line":8,"column":44},"end":{"line":12,"column":5}},"line":8},"3":{"name":"(anonymous_3)","decl":{"start":{"line":15,"column":20},"end":{"line":15,"column":21}},"loc":{"start":{"line":15,"column":29},"end":{"line":21,"column":3}},"line":15},"4":{"name":"(anonymous_4)","decl":{"start":{"line":16,"column":23},"end":{"line":16,"column":24}},"loc":{"start":{"line":16,"column":36},"end":{"line":20,"column":5}},"line":16},"5":{"name":"(anonymous_5)","decl":{"start":{"line":23,"column":25},"end":{"line":23,"column":26}},"loc":{"start":{"line":23,"column":34},"end":{"line":29,"column":3}},"line":23},"6":{"name":"(anonymous_6)","decl":{"start":{"line":24,"column":23},"end":{"line":24,"column":24}},"loc":{"start":{"line":24,"column":36},"end":{"line":28,"column":5}},"line":24},"7":{"name":"(anonymous_7)","decl":{"start":{"line":31,"column":23},"end":{"line":31,"column":24}},"loc":{"start":{"line":31,"column":32},"end":{"line":37,"column":3}},"line":31},"8":{"name":"(anonymous_8)","decl":{"start":{"line":32,"column":23},"end":{"line":32,"column":24}},"loc":{"start":{"line":32,"column":44},"end":{"line":36,"column":5}},"line":32},"9":{"name":"(anonymous_9)","decl":{"start":{"line":39,"column":18},"end":{"line":39,"column":19}},"loc":{"start":{"line":39,"column":27},"end":{"line":41,"column":3}},"line":39},"10":{"name":"(anonymous_10)","decl":{"start":{"line":40,"column":23},"end":{"line":40,"column":24}},"loc":{"start":{"line":40,"column":45},"end":{"line":40,"column":76}},"line":40},"11":{"name":"(anonymous_11)","decl":{"start":{"line":43,"column":23},"end":{"line":43,"column":24}},"loc":{"start":{"line":43,"column":32},"end":{"line":45,"column":3}},"line":43},"12":{"name":"(anonymous_12)","decl":{"start":{"line":44,"column":23},"end":{"line":44,"column":24}},"loc":{"start":{"line":44,"column":44},"end":{"line":44,"column":83}},"line":44},"13":{"name":"(anonymous_13)","decl":{"start":{"line":47,"column":21},"end":{"line":47,"column":22}},"loc":{"start":{"line":47,"column":31},"end":{"line":49,"column":3}},"line":47},"14":{"name":"(anonymous_14)","decl":{"start":{"line":48,"column":32},"end":{"line":48,"column":33}},"loc":{"start":{"line":48,"column":41},"end":{"line":48,"column":63}},"line":48}},"branchMap":{"0":{"loc":{"start":{"line":3,"column":14},"end":{"line":3,"column":24}},"type":"default-arg","locations":[{"start":{"line":3,"column":22},"end":{"line":3,"column":24}}],"line":3},"1":{"loc":{"start":{"line":9,"column":13},"end":{"line":11,"column":49}},"type":"cond-expr","locations":[{"start":{"line":10,"column":10},"end":{"line":10,"column":59}},{"start":{"line":11,"column":10},"end":{"line":11,"column":49}}],"line":9},"2":{"loc":{"start":{"line":9,"column":14},"end":{"line":9,"column":66}},"type":"binary-expr","locations":[{"start":{"line":9,"column":14},"end":{"line":9,"column":37}},{"start":{"line":9,"column":41},"end":{"line":9,"column":66}}],"line":9},"3":{"loc":{"start":{"line":17,"column":13},"end":{"line":19,"column":23}},"type":"cond-expr","locations":[{"start":{"line":18,"column":10},"end":{"line":18,"column":41}},{"start":{"line":19,"column":10},"end":{"line":19,"column":23}}],"line":17},"4":{"loc":{"start":{"line":25,"column":13},"end":{"line":27,"column":30}},"type":"cond-expr","locations":[{"start":{"line":26,"column":10},"end":{"line":26,"column":48}},{"start":{"line":27,"column":10},"end":{"line":27,"column":30}}],"line":25},"5":{"loc":{"start":{"line":33,"column":13},"end":{"line":35,"column":32}},"type":"cond-expr","locations":[{"start":{"line":34,"column":10},"end":{"line":34,"column":48}},{"start":{"line":35,"column":10},"end":{"line":35,"column":32}}],"line":33}},"s":{"0":1,"1":0,"2":0,"3":0,"4":0,"5":7,"6":7,"7":0,"8":0,"9":0,"10":0,"11":0,"12":0,"13":1,"14":7},"f":{"0":1,"1":0,"2":0,"3":0,"4":0,"5":7,"6":7,"7":0,"8":0,"9":0,"10":0,"11":0,"12":0,"13":1,"14":7},"b":{"0":[0],"1":[0,0],"2":[0,0],"3":[0,0],"4":[0,7],"5":[0,0]},"_coverageSchema":"332fd63041d2c1bcb487cc26dd0d5f7d97098a6c","hash":"c8895dc7d22155a354dd0233ca74632908cf8084"}
,"/Users/alexpelan/Documents/dev/non-cureatr/huarte-new/huarte/testHelpers/Recipes.js": {"path":"/Users/alexpelan/Documents/dev/non-cureatr/huarte-new/huarte/testHelpers/Recipes.js","statementMap":{"0":{"start":{"line":7,"column":21},"end":{"line":7,"column":41}},"1":{"start":{"line":8,"column":19},"end":{"line":8,"column":37}},"2":{"start":{"line":9,"column":2},"end":{"line":9,"column":45}},"3":{"start":{"line":10,"column":2},"end":{"line":10,"column":50}},"4":{"start":{"line":11,"column":15},"end":{"line":11,"column":29}},"5":{"start":{"line":12,"column":2},"end":{"line":12,"column":35}},"6":{"start":{"line":13,"column":2},"end":{"line":13,"column":45}},"7":{"start":{"line":14,"column":2},"end":{"line":14,"column":14}}},"fnMap":{"0":{"name":"(anonymous_0)","decl":{"start":{"line":6,"column":1},"end":{"line":6,"column":2}},"loc":{"start":{"line":6,"column":30},"end":{"line":15,"column":2}},"line":6}},"branchMap":{},"s":{"0":5,"1":5,"2":5,"3":5,"4":5,"5":5,"6":5,"7":5},"f":{"0":5},"b":{},"_coverageSchema":"332fd63041d2c1bcb487cc26dd0d5f7d97098a6c","hash":"d05d403f5b67922a9eb8b88785cb83ab8175410e"}
,"/Users/alexpelan/Documents/dev/non-cureatr/huarte-new/huarte/testHelpers/jestSetup.js": {"path":"/Users/alexpelan/Documents/dev/non-cureatr/huarte-new/huarte/testHelpers/jestSetup.js","statementMap":{"0":{"start":{"line":2,"column":0},"end":{"line":13,"column":3}},"1":{"start":{"line":3,"column":24},"end":{"line":3,"column":58}},"2":{"start":{"line":4,"column":16},"end":{"line":4,"column":32}},"3":{"start":{"line":7,"column":6},"end":{"line":7,"column":34}},"4":{"start":{"line":8,"column":6},"end":{"line":8,"column":79}},"5":{"start":{"line":11,"column":2},"end":{"line":11,"column":48}},"6":{"start":{"line":12,"column":2},"end":{"line":12,"column":19}}},"fnMap":{"0":{"name":"(anonymous_0)","decl":{"start":{"line":2,"column":23},"end":{"line":2,"column":24}},"loc":{"start":{"line":2,"column":29},"end":{"line":13,"column":1}},"line":2},"1":{"name":"(anonymous_1)","decl":{"start":{"line":6,"column":4},"end":{"line":6,"column":5}},"loc":{"start":{"line":6,"column":13},"end":{"line":9,"column":5}},"line":6}},"branchMap":{},"s":{"0":14,"1":3,"2":3,"3":3,"4":3,"5":3,"6":3},"f":{"0":3,"1":3},"b":{},"_coverageSchema":"332fd63041d2c1bcb487cc26dd0d5f7d97098a6c","hash":"4f06ad8cd1376600d952ef84d91e6a2f1facba0d"}
}
