TN:
SF:/Users/alexpelan/Documents/dev/non-cureatr/huarte-new/huarte/app/actions/index.js
FN:5,requestGame
FN:12,receiveGame
FN:22,selectGame
FN:29,requestSeasons
FN:35,receiveSeasons
FN:36,(anonymous_5)
FN:49,requestGameList
FN:55,receiveGameList
FN:56,(anonymous_8)
FN:69,selectQuestion
FN:78,updateScore
FN:85,nextRound
FN:101,bidFinalJeopardy
FN:108,setError
FN:115,dismissError
FN:121,noop
FN:130,fetchGameList
FN:135,(anonymous_17)
FN:139,(anonymous_18)
FN:142,(anonymous_19)
FN:146,fetchSeasons
FN:151,(anonymous_21)
FN:155,(anonymous_22)
FN:158,(anonymous_23)
FN:162,fetchGame
FN:167,(anonymous_25)
FN:173,(anonymous_26)
FN:176,(anonymous_27)
FNF:28
FNH:11
FNDA:1,requestGame
FNDA:1,receiveGame
FNDA:2,selectGame
FNDA:0,requestSeasons
FNDA:2,receiveSeasons
FNDA:10,(anonymous_5)
FNDA:0,requestGameList
FNDA:2,receiveGameList
FNDA:242,(anonymous_8)
FNDA:0,selectQuestion
FNDA:0,updateScore
FNDA:0,nextRound
FNDA:0,bidFinalJeopardy
FNDA:0,setError
FNDA:0,dismissError
FNDA:1,noop
FNDA:0,fetchGameList
FNDA:0,(anonymous_17)
FNDA:0,(anonymous_18)
FNDA:0,(anonymous_19)
FNDA:0,fetchSeasons
FNDA:0,(anonymous_21)
FNDA:0,(anonymous_22)
FNDA:0,(anonymous_23)
FNDA:2,fetchGame
FNDA:1,(anonymous_25)
FNDA:0,(anonymous_26)
FNDA:1,(anonymous_27)
DA:6,1
DA:13,1
DA:14,1
DA:23,2
DA:30,0
DA:36,2
DA:37,10
DA:38,10
DA:39,10
DA:41,2
DA:42,2
DA:50,0
DA:56,2
DA:57,242
DA:58,242
DA:60,2
DA:61,2
DA:70,0
DA:79,0
DA:87,0
DA:88,0
DA:89,0
DA:90,0
DA:91,0
DA:92,0
DA:95,0
DA:102,0
DA:109,0
DA:116,0
DA:122,1
DA:131,0
DA:132,0
DA:135,0
DA:136,0
DA:138,0
DA:140,0
DA:147,0
DA:148,0
DA:151,0
DA:152,0
DA:154,0
DA:156,0
DA:163,2
DA:164,1
DA:167,1
DA:169,1
DA:172,1
DA:174,0
LF:48
LH:21
BRDA:87,0,0,0
BRDA:87,0,1,0
BRDA:89,1,0,0
BRDA:89,1,1,0
BRDA:91,2,0,0
BRDA:91,2,1,0
BRDA:131,3,0,0
BRDA:131,3,1,0
BRDA:131,4,0,0
BRDA:131,4,1,0
BRDA:147,5,0,0
BRDA:147,5,1,0
BRDA:163,6,0,1
BRDA:163,6,1,1
BRDA:163,7,0,2
BRDA:163,7,1,1
BRF:16
BRH:4
end_of_record
TN:
SF:/Users/alexpelan/Documents/dev/non-cureatr/huarte-new/huarte/app/components/About.js
FN:12,(anonymous_0)
FNF:1
FNH:1
FNDA:1,(anonymous_0)
DA:11,2
DA:13,1
DA:14,1
LF:3
LH:3
BRF:0
BRH:0
end_of_record
TN:
SF:/Users/alexpelan/Documents/dev/non-cureatr/huarte-new/huarte/app/components/Banner.js
FN:14,(anonymous_0)
FN:18,(anonymous_1)
FN:23,(anonymous_2)
FNF:3
FNH:1
FNDA:0,(anonymous_0)
FNDA:1,(anonymous_1)
FNDA:0,(anonymous_2)
DA:13,1
DA:15,0
DA:19,1
DA:23,0
LF:4
LH:2
BRF:0
BRH:0
end_of_record
TN:
SF:/Users/alexpelan/Documents/dev/non-cureatr/huarte-new/huarte/app/components/CategoryList.js
FN:20,(anonymous_0)
FN:22,(anonymous_1)
FN:29,(anonymous_2)
FN:31,(anonymous_3)
FN:35,(anonymous_4)
FN:44,(anonymous_5)
FN:48,(anonymous_6)
FN:52,(anonymous_7)
FN:79,(anonymous_8)
FN:91,(anonymous_9)
FN:92,(anonymous_10)
FN:98,(anonymous_11)
FN:101,(anonymous_12)
FN:107,(anonymous_13)
FN:114,(anonymous_14)
FNF:15
FNH:10
FNDA:2,(anonymous_0)
FNDA:0,(anonymous_1)
FNDA:2,(anonymous_2)
FNDA:2,(anonymous_3)
FNDA:0,(anonymous_4)
FNDA:0,(anonymous_5)
FNDA:5,(anonymous_6)
FNDA:0,(anonymous_7)
FNDA:3,(anonymous_8)
FNDA:12,(anonymous_9)
FNDA:2,(anonymous_10)
FNDA:12,(anonymous_11)
FNDA:0,(anonymous_12)
FNDA:2,(anonymous_13)
FNDA:2,(anonymous_14)
DA:19,2
DA:21,2
DA:22,0
DA:24,2
DA:30,2
DA:31,2
DA:32,2
DA:33,1
DA:35,0
DA:41,2
DA:45,0
DA:49,5
DA:53,0
DA:54,0
DA:55,0
DA:66,0
DA:80,3
DA:81,3
DA:82,1
DA:86,2
DA:87,2
DA:88,2
DA:91,12
DA:92,2
DA:99,12
DA:101,0
DA:108,2
DA:109,2
DA:110,2
DA:111,2
DA:115,2
DA:116,2
DA:117,2
LF:33
LH:25
BRDA:32,0,0,1
BRDA:32,0,1,1
BRDA:54,1,0,0
BRDA:54,1,1,0
BRDA:81,2,0,1
BRDA:81,2,1,2
BRDA:100,3,0,12
BRDA:100,3,1,0
BRF:8
BRH:5
end_of_record
TN:
SF:/Users/alexpelan/Documents/dev/non-cureatr/huarte-new/huarte/app/components/DailyDoubleBid.js
FN:22,(anonymous_0)
FN:28,(anonymous_1)
FN:43,(anonymous_2)
FN:79,(anonymous_3)
FN:83,(anonymous_4)
FN:93,(anonymous_5)
FN:101,(anonymous_6)
FN:102,(anonymous_7)
FN:107,(anonymous_8)
FNF:9
FNH:0
FNDA:0,(anonymous_0)
FNDA:0,(anonymous_1)
FNDA:0,(anonymous_2)
FNDA:0,(anonymous_3)
FNDA:0,(anonymous_4)
FNDA:0,(anonymous_5)
FNDA:0,(anonymous_6)
FNDA:0,(anonymous_7)
FNDA:0,(anonymous_8)
DA:21,2
DA:23,0
DA:29,0
DA:30,0
DA:31,0
DA:34,0
DA:35,0
DA:37,0
DA:40,0
DA:44,0
DA:45,0
DA:46,0
DA:47,0
DA:50,0
DA:51,0
DA:52,0
DA:53,0
DA:54,0
DA:55,0
DA:57,0
DA:59,0
DA:60,0
DA:63,0
DA:64,0
DA:65,0
DA:80,0
DA:85,0
DA:86,0
DA:88,0
DA:89,0
DA:92,0
DA:93,0
DA:101,0
DA:102,0
DA:107,0
LF:35
LH:1
BRDA:34,0,0,0
BRDA:34,0,1,0
BRDA:52,1,0,0
BRDA:52,1,1,0
BRDA:52,2,0,0
BRDA:52,2,1,0
BRDA:53,3,0,0
BRDA:53,3,1,0
BRDA:88,4,0,0
BRDA:88,4,1,0
BRF:10
BRH:0
end_of_record
TN:
SF:/Users/alexpelan/Documents/dev/non-cureatr/huarte-new/huarte/app/components/DollarAmountList.js
FN:20,(anonymous_0)
FN:22,(anonymous_1)
FN:29,(anonymous_2)
FN:64,(anonymous_3)
FN:69,(anonymous_4)
FN:75,(anonymous_5)
FN:78,(anonymous_6)
FNF:7
FNH:0
FNDA:0,(anonymous_0)
FNDA:0,(anonymous_1)
FNDA:0,(anonymous_2)
FNDA:0,(anonymous_3)
FNDA:0,(anonymous_4)
FNDA:0,(anonymous_5)
FNDA:0,(anonymous_6)
DA:19,2
DA:21,0
DA:22,0
DA:24,0
DA:30,0
DA:31,0
DA:32,0
DA:33,0
DA:34,0
DA:47,0
DA:65,0
DA:66,0
DA:69,0
DA:76,0
DA:79,0
DA:80,0
LF:16
LH:1
BRDA:33,0,0,0
BRDA:33,0,1,0
BRDA:77,1,0,0
BRDA:77,1,1,0
BRDA:79,2,0,0
BRDA:79,2,1,0
BRF:6
BRH:0
end_of_record
TN:
SF:/Users/alexpelan/Documents/dev/non-cureatr/huarte-new/huarte/app/components/GameList.js
FN:22,(anonymous_0)
FN:24,(anonymous_1)
FN:31,(anonymous_2)
FN:33,(anonymous_3)
FN:44,(anonymous_4)
FN:48,(anonymous_5)
FN:52,(anonymous_6)
FN:65,(anonymous_7)
FN:75,(anonymous_8)
FN:81,(anonymous_9)
FN:84,(anonymous_10)
FNF:11
FNH:0
FNDA:0,(anonymous_0)
FNDA:0,(anonymous_1)
FNDA:0,(anonymous_2)
FNDA:0,(anonymous_3)
FNDA:0,(anonymous_4)
FNDA:0,(anonymous_5)
FNDA:0,(anonymous_6)
FNDA:0,(anonymous_7)
FNDA:0,(anonymous_8)
FNDA:0,(anonymous_9)
FNDA:0,(anonymous_10)
DA:21,1
DA:23,0
DA:24,0
DA:26,0
DA:32,0
DA:33,0
DA:34,0
DA:35,0
DA:36,0
DA:41,0
DA:45,0
DA:49,0
DA:53,0
DA:54,0
DA:55,0
DA:66,0
DA:67,0
DA:68,0
DA:72,0
DA:75,0
DA:82,0
DA:84,0
LF:22
LH:1
BRDA:34,0,0,0
BRDA:34,0,1,0
BRDA:67,1,0,0
BRDA:67,1,1,0
BRF:4
BRH:0
end_of_record
TN:
SF:/Users/alexpelan/Documents/dev/non-cureatr/huarte-new/huarte/app/components/HuarteMainMenu.js
FN:30,(anonymous_0)
FN:32,(anonymous_1)
FN:40,(anonymous_2)
FN:45,(anonymous_3)
FN:52,(anonymous_4)
FN:55,(anonymous_5)
FN:61,(anonymous_6)
FNF:7
FNH:4
FNDA:1,(anonymous_0)
FNDA:0,(anonymous_1)
FNDA:1,(anonymous_2)
FNDA:3,(anonymous_3)
FNDA:3,(anonymous_4)
FNDA:0,(anonymous_5)
FNDA:0,(anonymous_6)
DA:14,1
DA:29,1
DA:31,1
DA:32,0
DA:34,1
DA:41,1
DA:42,1
DA:45,3
DA:53,3
DA:55,0
DA:62,0
DA:63,0
LF:12
LH:8
BRF:0
BRH:0
end_of_record
TN:
SF:/Users/alexpelan/Documents/dev/non-cureatr/huarte-new/huarte/app/components/Link.js
FN:11,(anonymous_0)
FN:13,(anonymous_1)
FNF:2
FNH:1
FNDA:5,(anonymous_0)
FNDA:0,(anonymous_1)
DA:10,3
DA:12,5
DA:13,0
LF:3
LH:2
BRF:0
BRH:0
end_of_record
TN:
SF:/Users/alexpelan/Documents/dev/non-cureatr/huarte-new/huarte/app/components/MediaLink.js
FN:13,(anonymous_0)
FN:21,(anonymous_1)
FN:31,(anonymous_2)
FN:33,(anonymous_3)
FNF:4
FNH:0
FNDA:0,(anonymous_0)
FNDA:0,(anonymous_1)
FNDA:0,(anonymous_2)
FNDA:0,(anonymous_3)
DA:11,2
DA:14,0
DA:15,0
DA:16,0
DA:17,0
DA:22,0
DA:32,0
DA:33,0
LF:8
LH:1
BRDA:14,0,0,0
BRDA:14,0,1,0
BRDA:16,1,0,0
BRDA:16,1,1,0
BRF:4
BRH:0
end_of_record
TN:
SF:/Users/alexpelan/Documents/dev/non-cureatr/huarte-new/huarte/app/components/MediaWebView.js
FN:12,(anonymous_0)
FN:22,(anonymous_1)
FNF:2
FNH:0
FNDA:0,(anonymous_0)
FNDA:0,(anonymous_1)
DA:10,2
DA:13,0
DA:23,0
LF:3
LH:1
BRF:0
BRH:0
end_of_record
TN:
SF:/Users/alexpelan/Documents/dev/non-cureatr/huarte-new/huarte/app/components/Question.js
FN:30,(anonymous_0)
FN:36,(anonymous_1)
FN:45,(anonymous_2)
FN:48,(anonymous_3)
FN:49,(anonymous_4)
FN:63,(anonymous_5)
FN:72,(anonymous_6)
FN:79,(anonymous_7)
FN:82,(anonymous_8)
FN:87,(anonymous_9)
FN:97,(anonymous_10)
FN:102,(anonymous_11)
FN:111,(anonymous_12)
FN:124,(anonymous_13)
FN:147,(anonymous_14)
FN:151,(anonymous_15)
FN:173,(anonymous_16)
FN:180,(anonymous_17)
FN:188,(anonymous_18)
FN:196,(anonymous_19)
FN:209,(anonymous_20)
FN:210,(anonymous_21)
FN:216,(anonymous_22)
FNF:23
FNH:0
FNDA:0,(anonymous_0)
FNDA:0,(anonymous_1)
FNDA:0,(anonymous_2)
FNDA:0,(anonymous_3)
FNDA:0,(anonymous_4)
FNDA:0,(anonymous_5)
FNDA:0,(anonymous_6)
FNDA:0,(anonymous_7)
FNDA:0,(anonymous_8)
FNDA:0,(anonymous_9)
FNDA:0,(anonymous_10)
FNDA:0,(anonymous_11)
FNDA:0,(anonymous_12)
FNDA:0,(anonymous_13)
FNDA:0,(anonymous_14)
FNDA:0,(anonymous_15)
FNDA:0,(anonymous_16)
FNDA:0,(anonymous_17)
FNDA:0,(anonymous_18)
FNDA:0,(anonymous_19)
FNDA:0,(anonymous_20)
FNDA:0,(anonymous_21)
FNDA:0,(anonymous_22)
DA:26,2
DA:27,2
DA:29,2
DA:31,0
DA:37,0
DA:38,0
DA:39,0
DA:41,0
DA:46,0
DA:48,0
DA:49,0
DA:50,0
DA:51,0
DA:57,0
DA:58,0
DA:64,0
DA:65,0
DA:66,0
DA:67,0
DA:68,0
DA:70,0
DA:72,0
DA:73,0
DA:74,0
DA:80,0
DA:81,0
DA:82,0
DA:83,0
DA:88,0
DA:89,0
DA:91,0
DA:97,0
DA:98,0
DA:103,0
DA:104,0
DA:107,0
DA:112,0
DA:113,0
DA:115,0
DA:116,0
DA:117,0
DA:118,0
DA:121,0
DA:122,0
DA:124,0
DA:125,0
DA:126,0
DA:127,0
DA:134,0
DA:137,0
DA:138,0
DA:139,0
DA:140,0
DA:143,0
DA:148,0
DA:157,0
DA:158,0
DA:159,0
DA:160,0
DA:161,0
DA:162,0
DA:163,0
DA:165,0
DA:167,0
DA:168,0
DA:170,0
DA:173,0
DA:175,0
DA:176,0
DA:179,0
DA:180,0
DA:183,0
DA:184,0
DA:187,0
DA:188,0
DA:197,0
DA:209,0
DA:210,0
DA:216,0
LF:79
LH:3
BRDA:38,0,0,0
BRDA:38,0,1,0
BRDA:50,1,0,0
BRDA:50,1,1,0
BRDA:57,2,0,0
BRDA:57,2,1,0
BRDA:67,3,0,0
BRDA:67,3,1,0
BRDA:73,4,0,0
BRDA:73,4,1,0
BRDA:88,5,0,0
BRDA:88,5,1,0
BRDA:103,6,0,0
BRDA:103,6,1,0
BRDA:117,7,0,0
BRDA:117,7,1,0
BRDA:122,8,0,0
BRDA:122,8,1,0
BRDA:122,9,0,0
BRDA:122,9,1,0
BRDA:125,10,0,0
BRDA:125,10,1,0
BRDA:138,11,0,0
BRDA:138,11,1,0
BRDA:138,12,0,0
BRDA:138,12,1,0
BRDA:158,13,0,0
BRDA:158,13,1,0
BRDA:160,14,0,0
BRDA:160,14,1,0
BRDA:160,15,0,0
BRDA:160,15,1,0
BRDA:162,16,0,0
BRDA:162,16,1,0
BRDA:162,17,0,0
BRDA:162,17,1,0
BRDA:167,18,0,0
BRDA:167,18,1,0
BRDA:175,19,0,0
BRDA:175,19,1,0
BRDA:179,20,0,0
BRDA:179,20,1,0
BRDA:179,21,0,0
BRDA:179,21,1,0
BRDA:183,22,0,0
BRDA:183,22,1,0
BRF:46
BRH:0
end_of_record
TN:
SF:/Users/alexpelan/Documents/dev/non-cureatr/huarte-new/huarte/app/components/SeasonList.js
FN:19,(anonymous_0)
FN:21,(anonymous_1)
FN:28,(anonymous_2)
FN:30,(anonymous_3)
FN:41,(anonymous_4)
FN:45,(anonymous_5)
FN:57,(anonymous_6)
FN:67,(anonymous_7)
FN:73,(anonymous_8)
FN:76,(anonymous_9)
FNF:10
FNH:0
FNDA:0,(anonymous_0)
FNDA:0,(anonymous_1)
FNDA:0,(anonymous_2)
FNDA:0,(anonymous_3)
FNDA:0,(anonymous_4)
FNDA:0,(anonymous_5)
FNDA:0,(anonymous_6)
FNDA:0,(anonymous_7)
FNDA:0,(anonymous_8)
FNDA:0,(anonymous_9)
DA:18,1
DA:20,0
DA:21,0
DA:23,0
DA:29,0
DA:30,0
DA:31,0
DA:32,0
DA:33,0
DA:38,0
DA:42,0
DA:46,0
DA:47,0
DA:58,0
DA:59,0
DA:60,0
DA:64,0
DA:67,0
DA:74,0
DA:76,0
LF:20
LH:1
BRDA:32,0,0,0
BRDA:32,0,1,0
BRDA:59,1,0,0
BRDA:59,1,1,0
BRF:4
BRH:0
end_of_record
TN:
SF:/Users/alexpelan/Documents/dev/non-cureatr/huarte-new/huarte/app/components/SimpleMessage.js
FN:11,(anonymous_0)
FN:17,(anonymous_1)
FNF:2
FNH:2
FNDA:2,(anonymous_0)
FNDA:1,(anonymous_1)
DA:10,2
DA:12,2
DA:18,1
LF:3
LH:3
BRF:0
BRH:0
end_of_record
TN:
SF:/Users/alexpelan/Documents/dev/non-cureatr/huarte-new/huarte/app/components/Statistics.js
FN:43,(anonymous_0)
FN:50,(anonymous_1)
FN:51,(anonymous_2)
FN:52,(anonymous_3)
FN:73,(anonymous_4)
FN:84,(anonymous_5)
FNF:6
FNH:0
FNDA:0,(anonymous_0)
FNDA:0,(anonymous_1)
FNDA:0,(anonymous_2)
FNDA:0,(anonymous_3)
FNDA:0,(anonymous_4)
FNDA:0,(anonymous_5)
DA:15,1
DA:42,1
DA:44,0
DA:51,0
DA:52,0
DA:53,0
DA:54,0
DA:57,0
DA:58,0
DA:59,0
DA:60,0
DA:66,0
DA:74,0
DA:75,0
DA:76,0
DA:81,0
DA:85,0
LF:17
LH:2
BRDA:53,0,0,0
BRDA:53,0,1,0
BRDA:57,1,0,0
BRDA:57,1,1,0
BRDA:59,2,0,0
BRDA:59,2,1,0
BRDA:75,3,0,0
BRDA:75,3,1,0
BRF:8
BRH:0
end_of_record
TN:
SF:/Users/alexpelan/Documents/dev/non-cureatr/huarte-new/huarte/app/reducers/huarteApp.js
FN:15,huarteApp
FN:51,(anonymous_1)
FN:54,(anonymous_2)
FN:67,(anonymous_3)
FNF:4
FNH:3
FNDA:11,huarteApp
FNDA:10,(anonymous_1)
FNDA:242,(anonymous_2)
FNDA:0,(anonymous_3)
DA:3,1
DA:17,11
DA:19,1
DA:20,1
DA:22,1
DA:23,1
DA:24,1
DA:25,1
DA:26,1
DA:27,1
DA:28,1
DA:29,1
DA:30,1
DA:31,1
DA:32,1
DA:34,2
DA:35,2
DA:36,2
DA:38,0
DA:39,0
DA:41,2
DA:42,2
DA:43,2
DA:44,2
DA:45,2
DA:47,0
DA:48,0
DA:50,2
DA:51,2
DA:52,10
DA:54,2
DA:55,242
DA:56,242
DA:58,2
DA:59,2
DA:60,2
DA:62,0
DA:63,0
DA:65,0
DA:66,0
DA:67,0
DA:68,0
DA:69,0
DA:73,0
DA:74,0
DA:77,0
DA:79,0
DA:80,0
DA:81,0
DA:82,0
DA:85,0
DA:87,0
DA:88,0
DA:90,0
DA:91,0
DA:93,0
DA:95,0
DA:97,0
DA:98,0
DA:99,0
DA:101,0
DA:102,0
DA:103,0
DA:105,0
DA:106,0
DA:107,0
DA:108,0
DA:110,0
DA:111,0
DA:112,0
DA:113,0
DA:115,3
LF:72
LH:33
BRDA:15,0,0,2
BRDA:17,1,0,1
BRDA:17,1,1,1
BRDA:17,1,2,2
BRDA:17,1,3,0
BRDA:17,1,4,2
BRDA:17,1,5,0
BRDA:17,1,6,2
BRDA:17,1,7,0
BRDA:17,1,8,0
BRDA:17,1,9,0
BRDA:17,1,10,0
BRDA:17,1,11,0
BRDA:17,1,12,0
BRDA:17,1,13,3
BRDA:68,2,0,0
BRDA:68,2,1,0
BRDA:73,3,0,0
BRDA:73,3,1,0
BRDA:81,4,0,0
BRDA:81,4,1,0
BRDA:90,5,0,0
BRDA:90,5,1,0
BRF:23
BRH:7
end_of_record
TN:
SF:/Users/alexpelan/Documents/dev/non-cureatr/huarte-new/huarte/app/styles/styles.js
FNF:0
FNH:0
DA:3,5
DA:8,5
LF:2
LH:2
BRF:0
BRH:0
end_of_record
TN:
SF:/Users/alexpelan/Documents/dev/non-cureatr/huarte-new/huarte/app/util/Api.js
FN:10,(anonymous_0)
FN:15,(anonymous_1)
FN:21,(anonymous_2)
FN:28,(anonymous_3)
FN:36,(anonymous_4)
FN:40,(anonymous_5)
FN:44,(anonymous_6)
FNF:7
FNH:0
FNDA:0,(anonymous_0)
FNDA:0,(anonymous_1)
FNDA:0,(anonymous_2)
FNDA:0,(anonymous_3)
FNDA:0,(anonymous_4)
FNDA:0,(anonymous_5)
FNDA:0,(anonymous_6)
DA:7,3
DA:9,3
DA:11,0
DA:12,0
DA:13,0
DA:14,0
DA:16,0
DA:17,0
DA:19,0
DA:23,0
DA:24,0
DA:29,0
DA:30,0
DA:31,0
DA:35,3
DA:37,0
DA:41,0
DA:45,0
LF:18
LH:3
BRDA:16,0,0,0
BRDA:16,0,1,0
BRF:2
BRH:0
end_of_record
TN:
SF:/Users/alexpelan/Documents/dev/non-cureatr/huarte-new/huarte/app/util/Common.js
FN:6,(anonymous_0)
FN:15,(anonymous_1)
FN:22,(anonymous_2)
FN:28,(anonymous_3)
FN:29,(anonymous_4)
FNF:5
FNH:0
FNDA:0,(anonymous_0)
FNDA:0,(anonymous_1)
FNDA:0,(anonymous_2)
FNDA:0,(anonymous_3)
FNDA:0,(anonymous_4)
DA:5,2
DA:7,0
DA:8,0
DA:9,0
DA:11,0
DA:16,0
DA:17,0
DA:18,0
DA:19,0
DA:23,0
DA:29,0
DA:31,0
DA:32,0
DA:34,0
DA:37,0
DA:38,0
DA:40,0
LF:17
LH:1
BRDA:8,0,0,0
BRDA:8,0,1,0
BRDA:31,1,0,0
BRDA:31,1,1,0
BRF:4
BRH:0
end_of_record
TN:
SF:/Users/alexpelan/Documents/dev/non-cureatr/huarte-new/huarte/app/util/Consts.js
FNF:0
FNH:0
DA:1,3
DA:3,3
LF:2
LH:2
BRF:0
BRH:0
end_of_record
TN:
SF:/Users/alexpelan/Documents/dev/non-cureatr/huarte-new/huarte/app/util/StateHelper.js
FN:3,(anonymous_0)
FN:4,(anonymous_1)
FN:10,(anonymous_2)
FN:12,(anonymous_3)
FN:18,(anonymous_4)
FN:25,(anonymous_5)
FN:30,(anonymous_6)
FN:40,(anonymous_7)
FN:45,(anonymous_8)
FN:49,(anonymous_9)
FNF:10
FNH:3
FNDA:0,(anonymous_0)
FNDA:0,(anonymous_1)
FNDA:0,(anonymous_2)
FNDA:0,(anonymous_3)
FNDA:0,(anonymous_4)
FNDA:0,(anonymous_5)
FNDA:11,(anonymous_6)
FNDA:2,(anonymous_7)
FNDA:1,(anonymous_8)
FNDA:0,(anonymous_9)
DA:1,3
DA:4,0
DA:5,0
DA:7,0
DA:11,0
DA:12,0
DA:13,0
DA:15,0
DA:19,0
DA:20,0
DA:21,0
DA:22,0
DA:23,0
DA:25,0
DA:26,0
DA:31,11
DA:32,11
DA:33,11
DA:34,11
DA:36,0
DA:41,2
DA:42,2
DA:46,1
DA:50,0
DA:51,0
LF:25
LH:8
BRDA:32,0,0,11
BRDA:32,0,1,0
BRF:2
BRH:1
end_of_record
TN:
SF:/Users/alexpelan/Documents/dev/non-cureatr/huarte-new/huarte/testHelpers/Factory.js
FN:7,(anonymous_0)
FN:11,(anonymous_1)
FN:552,(anonymous_2)
FN:923,(anonymous_3)
FNF:4
FNH:4
FNDA:2,(anonymous_0)
FNDA:2,(anonymous_1)
FNDA:2,(anonymous_2)
FNDA:2,(anonymous_3)
DA:8,2
DA:12,2
DA:553,2
DA:924,2
LF:4
LH:4
BRF:0
BRH:0
end_of_record
